<?xml version="1.0" encoding="UTF-8"?>
<testsuite name="org.openmrs.api.CohortServiceTest" time="1.906" tests="24" errors="0" skipped="0" failures="0">
  <properties>
    <property name="java.runtime.name" value="Java(TM) SE Runtime Environment"/>
    <property name="sun.boot.library.path" value="C:\Program Files\Java\jdk1.8.0_101\jre\bin"/>
    <property name="java.vm.version" value="25.101-b13"/>
    <property name="java.vm.vendor" value="Oracle Corporation"/>
    <property name="java.vendor.url" value="http://java.oracle.com/"/>
    <property name="path.separator" value=";"/>
    <property name="guice.disable.misplaced.annotation.check" value="true"/>
    <property name="java.vm.name" value="Java HotSpot(TM) 64-Bit Server VM"/>
    <property name="file.encoding.pkg" value="sun.io"/>
    <property name="user.script" value=""/>
    <property name="user.country" value="US"/>
    <property name="sun.java.launcher" value="SUN_STANDARD"/>
    <property name="sun.os.patch.level" value=""/>
    <property name="java.vm.specification.name" value="Java Virtual Machine Specification"/>
    <property name="user.dir" value="C:\Users\amesk\Documents\GitHub\openMRS\openmrs-core"/>
    <property name="java.runtime.version" value="1.8.0_101-b13"/>
    <property name="java.awt.graphicsenv" value="sun.awt.Win32GraphicsEnvironment"/>
    <property name="java.endorsed.dirs" value="C:\Program Files\Java\jdk1.8.0_101\jre\lib\endorsed"/>
    <property name="os.arch" value="amd64"/>
    <property name="java.io.tmpdir" value="C:\Users\amesk\AppData\Local\Temp\"/>
    <property name="line.separator" value="&#10;"/>
    <property name="java.vm.specification.vendor" value="Oracle Corporation"/>
    <property name="user.variant" value=""/>
    <property name="os.name" value="Windows 10"/>
    <property name="maven.ext.class.path" value="C:\Program Files\NetBeans 8.1\java\maven-nblib\netbeans-eventspy.jar"/>
    <property name="classworlds.conf" value="C:\Program Files\NetBeans 8.1\java\maven\bin\m2.conf"/>
    <property name="sun.jnu.encoding" value="Cp1252"/>
    <property name="java.library.path" value="C:\Program Files\Java\jdk1.8.0_101\bin;C:\WINDOWS\Sun\Java\bin;C:\WINDOWS\system32;C:\WINDOWS;C:\ProgramData\Oracle\Java\javapath;C:\WINDOWS\system32;C:\WINDOWS;C:\WINDOWS\System32\Wbem;C:\WINDOWS\System32\WindowsPowerShell\v1.0\;C:\Program Files (x86)\ATI Technologies\ATI.ACE\Core-Static;C:\Program Files\Microsoft\Web Platform Installer\;C:\Program Files (x86)\Microsoft ASP.NET\ASP.NET Web Pages\v1.0\;C:\Program Files (x86)\Windows Kits\8.0\Windows Performance Toolkit\;C:\Program Files\Microsoft SQL Server\110\Tools\Binn\;C:\Program Files (x86)\Windows Live\Shared;C:\Program Files (x86)\Skype\Phone\;C:\Users\amesk\AppData\Local\Microsoft\WindowsApps;;."/>
    <property name="java.specification.name" value="Java Platform API Specification"/>
    <property name="java.class.version" value="52.0"/>
    <property name="sun.management.compiler" value="HotSpot 64-Bit Tiered Compilers"/>
    <property name="os.version" value="10.0"/>
    <property name="user.home" value="C:\Users\amesk"/>
    <property name="user.timezone" value="America/New_York"/>
    <property name="java.awt.printerjob" value="sun.awt.windows.WPrinterJob"/>
    <property name="java.specification.version" value="1.8"/>
    <property name="file.encoding" value="UTF-8"/>
    <property name="user.name" value="amesk"/>
    <property name="java.class.path" value="C:\Program Files\NetBeans 8.1\java\maven\boot\plexus-classworlds-2.4.jar"/>
    <property name="java.vm.specification.version" value="1.8"/>
    <property name="sun.arch.data.model" value="64"/>
    <property name="java.home" value="C:\Program Files\Java\jdk1.8.0_101\jre"/>
    <property name="sun.java.command" value="org.codehaus.plexus.classworlds.launcher.Launcher -Dmaven.ext.class.path=C:\Program Files\NetBeans 8.1\java\maven-nblib\netbeans-eventspy.jar -Dfile.encoding=UTF-8 clean install"/>
    <property name="java.specification.vendor" value="Oracle Corporation"/>
    <property name="user.language" value="en"/>
    <property name="awt.toolkit" value="sun.awt.windows.WToolkit"/>
    <property name="java.vm.info" value="mixed mode"/>
    <property name="java.version" value="1.8.0_101"/>
    <property name="java.ext.dirs" value="C:\Program Files\Java\jdk1.8.0_101\jre\lib\ext;C:\WINDOWS\Sun\Java\lib\ext"/>
    <property name="sun.boot.class.path" value="C:\Program Files\Java\jdk1.8.0_101\jre\lib\resources.jar;C:\Program Files\Java\jdk1.8.0_101\jre\lib\rt.jar;C:\Program Files\Java\jdk1.8.0_101\jre\lib\sunrsasign.jar;C:\Program Files\Java\jdk1.8.0_101\jre\lib\jsse.jar;C:\Program Files\Java\jdk1.8.0_101\jre\lib\jce.jar;C:\Program Files\Java\jdk1.8.0_101\jre\lib\charsets.jar;C:\Program Files\Java\jdk1.8.0_101\jre\lib\jfr.jar;C:\Program Files\Java\jdk1.8.0_101\jre\classes"/>
    <property name="java.vendor" value="Oracle Corporation"/>
    <property name="maven.home" value="C:\Program Files\NetBeans 8.1\java\maven"/>
    <property name="file.separator" value="\"/>
    <property name="java.vendor.url.bug" value="http://bugreport.sun.com/bugreport/"/>
    <property name="sun.cpu.endian" value="little"/>
    <property name="sun.io.unicode.encoding" value="UnicodeLittle"/>
    <property name="sun.desktop" value="windows"/>
    <property name="sun.cpu.isalist" value="amd64"/>
  </properties>
  <testcase name="addPatientToCohort_shouldAddAPatientAndSaveTheCohort" classname="org.openmrs.api.CohortServiceTest" time="0.12"/>
  <testcase name="saveCohort_shouldUpdateAnExistingCohort" classname="org.openmrs.api.CohortServiceTest" time="0.122"/>
  <testcase name="purgeCohort_shouldDeleteCohortFromDatabase" classname="org.openmrs.api.CohortServiceTest" time="0.1"/>
  <testcase name="getCohort_shouldGetCohortById" classname="org.openmrs.api.CohortServiceTest" time="0.058"/>
  <testcase name="getAllCohorts_shouldReturnAllCohortsAndVoided" classname="org.openmrs.api.CohortServiceTest" time="0.12"/>
  <testcase name="getCohort_shouldGetCohortGivenAName" classname="org.openmrs.api.CohortServiceTest" time="0.057"/>
  <testcase name="getCohortByUuid_shouldFindObjectGivenValidUuid" classname="org.openmrs.api.CohortServiceTest" time="0.095"/>
  <testcase name="getCohortsContainingPatient_shouldNotReturnVoidedCohorts" classname="org.openmrs.api.CohortServiceTest" time="0.167"/>
  <testcase name="addPatientToCohort_shouldNotFailIfCohortAlreadyContainsPatient" classname="org.openmrs.api.CohortServiceTest" time="0.095"/>
  <testcase name="getAllCohorts_shouldNotReturnAnyVoidedCohorts" classname="org.openmrs.api.CohortServiceTest" time="0.115"/>
  <testcase name="saveCohort_shouldCreateNewCohorts" classname="org.openmrs.api.CohortServiceTest" time="0.045"/>
  <testcase name="getAllCohorts_shouldGetAllNonvoidedCohortsInDatabase" classname="org.openmrs.api.CohortServiceTest" time="0.095"/>
  <testcase name="voidCohort_shouldVoidCohort" classname="org.openmrs.api.CohortServiceTest" time="0.044"/>
  <testcase name="getCohort_shouldGetTheNonvoidedCohortIfTwoExistWithSameName" classname="org.openmrs.api.CohortServiceTest" time="0.072"/>
  <testcase name="removePatientFromCohort_shouldNotFailIfCohortDoesNotContainPatient" classname="org.openmrs.api.CohortServiceTest" time="0.066"/>
  <testcase name="getCohorts_shouldMatchCohortsByPartialName" classname="org.openmrs.api.CohortServiceTest" time="0.076"/>
  <testcase name="removePatientFromCohort_shouldSaveCohortAfterRemovingPatient" classname="org.openmrs.api.CohortServiceTest" time="0.084"/>
  <testcase name="voidCohort_shouldNotChangeAnAlreadyVoidedCohort" classname="org.openmrs.api.CohortServiceTest" time="0.024"/>
  <testcase name="getCohortsContainingPatient_shouldReturnCohortsThatHaveGivenPatient" classname="org.openmrs.api.CohortServiceTest" time="0.041"/>
  <testcase name="voidCohort_shouldFailIfReasonIsEmpty" classname="org.openmrs.api.CohortServiceTest" time="0.091"/>
  <testcase name="getCohortByUuid_shouldReturnNullIfNoObjectFoundWithGivenUuid" classname="org.openmrs.api.CohortServiceTest" time="0.01"/>
  <testcase name="getCohort_shouldOnlyGetNonVoidedCohortsByName" classname="org.openmrs.api.CohortServiceTest" time="0.031"/>
  <testcase name="getCohorts_shouldNeverReturnNull" classname="org.openmrs.api.CohortServiceTest" time="0.102"/>
  <testcase name="voidCohort_shouldFailIfReasonIsNull" classname="org.openmrs.api.CohortServiceTest" time="0.076"/>
</testsuite>