<?xml version="1.0" encoding="UTF-8"?>
<testsuite name="org.openmrs.api.ObsServiceTest" time="0.765" tests="73" errors="0" skipped="0" failures="0">
  <properties>
    <property name="java.runtime.name" value="Java(TM) SE Runtime Environment"/>
    <property name="sun.boot.library.path" value="C:\Program Files\Java\jdk1.8.0_101\jre\bin"/>
    <property name="java.vm.version" value="25.101-b13"/>
    <property name="java.vm.vendor" value="Oracle Corporation"/>
    <property name="java.vendor.url" value="http://java.oracle.com/"/>
    <property name="path.separator" value=";"/>
    <property name="guice.disable.misplaced.annotation.check" value="true"/>
    <property name="java.vm.name" value="Java HotSpot(TM) 64-Bit Server VM"/>
    <property name="file.encoding.pkg" value="sun.io"/>
    <property name="user.script" value=""/>
    <property name="user.country" value="US"/>
    <property name="sun.java.launcher" value="SUN_STANDARD"/>
    <property name="sun.os.patch.level" value=""/>
    <property name="java.vm.specification.name" value="Java Virtual Machine Specification"/>
    <property name="user.dir" value="C:\Users\amesk\Documents\GitHub\openMRS\openmrs-core"/>
    <property name="java.runtime.version" value="1.8.0_101-b13"/>
    <property name="java.awt.graphicsenv" value="sun.awt.Win32GraphicsEnvironment"/>
    <property name="java.endorsed.dirs" value="C:\Program Files\Java\jdk1.8.0_101\jre\lib\endorsed"/>
    <property name="os.arch" value="amd64"/>
    <property name="java.io.tmpdir" value="C:\Users\amesk\AppData\Local\Temp\"/>
    <property name="line.separator" value="&#10;"/>
    <property name="java.vm.specification.vendor" value="Oracle Corporation"/>
    <property name="user.variant" value=""/>
    <property name="os.name" value="Windows 10"/>
    <property name="maven.ext.class.path" value="C:\Program Files\NetBeans 8.1\java\maven-nblib\netbeans-eventspy.jar"/>
    <property name="classworlds.conf" value="C:\Program Files\NetBeans 8.1\java\maven\bin\m2.conf"/>
    <property name="sun.jnu.encoding" value="Cp1252"/>
    <property name="java.library.path" value="C:\Program Files\Java\jdk1.8.0_101\bin;C:\WINDOWS\Sun\Java\bin;C:\WINDOWS\system32;C:\WINDOWS;C:\ProgramData\Oracle\Java\javapath;C:\WINDOWS\system32;C:\WINDOWS;C:\WINDOWS\System32\Wbem;C:\WINDOWS\System32\WindowsPowerShell\v1.0\;C:\Program Files (x86)\ATI Technologies\ATI.ACE\Core-Static;C:\Program Files\Microsoft\Web Platform Installer\;C:\Program Files (x86)\Microsoft ASP.NET\ASP.NET Web Pages\v1.0\;C:\Program Files (x86)\Windows Kits\8.0\Windows Performance Toolkit\;C:\Program Files\Microsoft SQL Server\110\Tools\Binn\;C:\Program Files (x86)\Windows Live\Shared;C:\Program Files (x86)\Skype\Phone\;C:\Users\amesk\AppData\Local\Microsoft\WindowsApps;;."/>
    <property name="java.specification.name" value="Java Platform API Specification"/>
    <property name="java.class.version" value="52.0"/>
    <property name="sun.management.compiler" value="HotSpot 64-Bit Tiered Compilers"/>
    <property name="os.version" value="10.0"/>
    <property name="user.home" value="C:\Users\amesk"/>
    <property name="user.timezone" value="America/New_York"/>
    <property name="java.awt.printerjob" value="sun.awt.windows.WPrinterJob"/>
    <property name="java.specification.version" value="1.8"/>
    <property name="file.encoding" value="UTF-8"/>
    <property name="user.name" value="amesk"/>
    <property name="java.class.path" value="C:\Program Files\NetBeans 8.1\java\maven\boot\plexus-classworlds-2.4.jar"/>
    <property name="java.vm.specification.version" value="1.8"/>
    <property name="sun.arch.data.model" value="64"/>
    <property name="java.home" value="C:\Program Files\Java\jdk1.8.0_101\jre"/>
    <property name="sun.java.command" value="org.codehaus.plexus.classworlds.launcher.Launcher -Dmaven.ext.class.path=C:\Program Files\NetBeans 8.1\java\maven-nblib\netbeans-eventspy.jar -Dfile.encoding=UTF-8 clean install"/>
    <property name="java.specification.vendor" value="Oracle Corporation"/>
    <property name="user.language" value="en"/>
    <property name="awt.toolkit" value="sun.awt.windows.WToolkit"/>
    <property name="java.vm.info" value="mixed mode"/>
    <property name="java.version" value="1.8.0_101"/>
    <property name="java.ext.dirs" value="C:\Program Files\Java\jdk1.8.0_101\jre\lib\ext;C:\WINDOWS\Sun\Java\lib\ext"/>
    <property name="sun.boot.class.path" value="C:\Program Files\Java\jdk1.8.0_101\jre\lib\resources.jar;C:\Program Files\Java\jdk1.8.0_101\jre\lib\rt.jar;C:\Program Files\Java\jdk1.8.0_101\jre\lib\sunrsasign.jar;C:\Program Files\Java\jdk1.8.0_101\jre\lib\jsse.jar;C:\Program Files\Java\jdk1.8.0_101\jre\lib\jce.jar;C:\Program Files\Java\jdk1.8.0_101\jre\lib\charsets.jar;C:\Program Files\Java\jdk1.8.0_101\jre\lib\jfr.jar;C:\Program Files\Java\jdk1.8.0_101\jre\classes"/>
    <property name="java.vendor" value="Oracle Corporation"/>
    <property name="maven.home" value="C:\Program Files\NetBeans 8.1\java\maven"/>
    <property name="file.separator" value="\"/>
    <property name="java.vendor.url.bug" value="http://bugreport.sun.com/bugreport/"/>
    <property name="sun.cpu.endian" value="little"/>
    <property name="sun.io.unicode.encoding" value="UnicodeLittle"/>
    <property name="sun.desktop" value="windows"/>
    <property name="sun.cpu.isalist" value="amd64"/>
  </properties>
  <testcase name="getObservationCount_shouldGetCountOfObsWithAnswerConceptInGivenAnswersParameter" classname="org.openmrs.api.ObsServiceTest" time="0.025"/>
  <testcase name="registerHandler_shouldRegisterHandlerWithTheGivenKey" classname="org.openmrs.api.ObsServiceTest" time="0.028"/>
  <testcase name="removeHandler_shouldNotFailWithInvalidKey" classname="org.openmrs.api.ObsServiceTest" time="0.003"/>
  <testcase name="registerHandler_shouldLoadHandlerAndRegisterKey" classname="org.openmrs.api.ObsServiceTest" time="0.003"/>
  <testcase name="saveObs_shouldCreateNewFileFromComplexDataForNewObs" classname="org.openmrs.api.ObsServiceTest" time="0.02"/>
  <testcase name="saveObs_shouldDeleteThePreviousFileWhenAComplexObservationIsUpdatedWithANewComplexValue" classname="org.openmrs.api.ObsServiceTest" time="0.025"/>
  <testcase name="saveObs_shouldCreateVeryBasicObsAndAddNewObsId" classname="org.openmrs.api.ObsServiceTest" time="0.01"/>
  <testcase name="saveObs_shouldAllowChangingOfEveryPropertyOnObs" classname="org.openmrs.api.ObsServiceTest" time="0.008"/>
  <testcase name="getObservationCount_shouldReturnCountOfObsWithLocationInGivenLocationsParameter" classname="org.openmrs.api.ObsServiceTest" time="0.003"/>
  <testcase name="getObservations_shouldReturnObsWhosePersonIsAUserOnly" classname="org.openmrs.api.ObsServiceTest" time="0.012"/>
  <testcase name="getObservationCount_shouldGetCountOfObsAssignedToGivenEncounters" classname="org.openmrs.api.ObsServiceTest" time="0.002"/>
  <testcase name="getObservations_shouldNotIncludeVoidedObs" classname="org.openmrs.api.ObsServiceTest" time="0.013"/>
  <testcase name="voidObs_shouldFailIfReasonParameterIsEmpty" classname="org.openmrs.api.ObsServiceTest" time="0.004"/>
  <testcase name="setHandlers_shouldAddNewHandlersWithNewKeys" classname="org.openmrs.api.ObsServiceTest" time="0.004"/>
  <testcase name="getObservations_shouldGetObsMatchingEncounterIdInSearchString" classname="org.openmrs.api.ObsServiceTest" time="0.012"/>
  <testcase name="getObservationCount_shouldReturnCountOfObsWhoseGroupIdIsGivenObsGroupId" classname="org.openmrs.api.ObsServiceTest" time="0.016"/>
  <testcase name="getObservationCount_shouldReturnCountOfObsWhosePersonIsAUserOnly" classname="org.openmrs.api.ObsServiceTest" time="0.013"/>
  <testcase name="getObservationCount_shouldReturnCountOfObsWithMatchingAccessionNumber" classname="org.openmrs.api.ObsServiceTest" time="0.01"/>
  <testcase name="saveObs_shouldCascadeUpdateToNewChildObsGroups" classname="org.openmrs.api.ObsServiceTest" time="0.015"/>
  <testcase name="shouldSaveUpdateDeleteVoidObsGroupCascades" classname="org.openmrs.api.ObsServiceTest" time="0.042"/>
  <testcase name="saveObs_shouldNotVoidAnObsWithNoChanges" classname="org.openmrs.api.ObsServiceTest" time="0.014"/>
  <testcase name="getObservationCount_shouldReturnCountOfAllObsWhosePersonIsAPersonOnly" classname="org.openmrs.api.ObsServiceTest" time="0.012"/>
  <testcase name="shouldGetObservationsOnDay" classname="org.openmrs.api.ObsServiceTest" time="0.011"/>
  <testcase name="saveObs_shouldLinkOriginalAndUpdatedObs" classname="org.openmrs.api.ObsServiceTest" time="0.005"/>
  <testcase name="getObservations_shouldReturnObsWhosePersonIsAPatientOnly" classname="org.openmrs.api.ObsServiceTest" time="0.012"/>
  <testcase name="saveObs_shouldOverwriteObsPersonValueWithEncounterPatient" classname="org.openmrs.api.ObsServiceTest" time="0.009"/>
  <testcase name="getObservations_shouldGetAllObsWithQuestionConceptInGivenQuestionsParameter" classname="org.openmrs.api.ObsServiceTest" time="0.002"/>
  <testcase name="getObservationCount_shouldIncludeVoidedObservationsUsingTheSpecifiedConceptNamesAsAnswers" classname="org.openmrs.api.ObsServiceTest" time="0.004"/>
  <testcase name="saveObs_shouldReturnADifferentObjectWhenUpdatingAnObs" classname="org.openmrs.api.ObsServiceTest" time="0.004"/>
  <testcase name="getObservationCount_shouldIncludeVoidedObsInTheCountIfIncludeVoidedObsIsTrue" classname="org.openmrs.api.ObsServiceTest" time="0.01"/>
  <testcase name="getObservationsByPerson_shouldGetAllObservationsAssignedToGivenPerson" classname="org.openmrs.api.ObsServiceTest" time="0.004"/>
  <testcase name="getObservations_shouldOnlyReturnedObsWithMatchingAccessionNumber" classname="org.openmrs.api.ObsServiceTest" time="0.011"/>
  <testcase name="getHandler_shouldHaveDefaultImageAndTextHandlersRegisteredBySpring" classname="org.openmrs.api.ObsServiceTest" time="0.003"/>
  <testcase name="setHandlers_shouldOverrideHandlersWithSameKey" classname="org.openmrs.api.ObsServiceTest" time="0.002"/>
  <testcase name="getObservationCount_shouldReturnCountOfObsWhosePersonIsAPatientOnly" classname="org.openmrs.api.ObsServiceTest" time="0.01"/>
  <testcase name="saveObs_shouldVoidTheGivenObsInTheDatabase" classname="org.openmrs.api.ObsServiceTest" time="0.005"/>
  <testcase name="getObservations_shouldGetObsMatchingPatientIdentifierInSearchString" classname="org.openmrs.api.ObsServiceTest" time="0.025"/>
  <testcase name="purgeObs_shouldNotDeleteReferencedOrdersWhenPurgingObs" classname="org.openmrs.api.ObsServiceTest" time="0.013"/>
  <testcase name="getObservationCount_shouldGetCountOfObsWithQuestionConceptInGivenQuestionsParameter" classname="org.openmrs.api.ObsServiceTest" time="0.003"/>
  <testcase name="getObservations_shouldLimitNumberOfObsReturnedToMostReturnNParameter" classname="org.openmrs.api.ObsServiceTest" time="0.021"/>
  <testcase name="getObservations_shouldGetAllObsAssignedToGivenEncounters" classname="org.openmrs.api.ObsServiceTest" time="0.005"/>
  <testcase name="getObs_shouldGetObsMatchingGivenObsId" classname="org.openmrs.api.ObsServiceTest" time="0.005"/>
  <testcase name="shouldReturnAPIExceptionWhenObsIsNull" classname="org.openmrs.api.ObsServiceTest" time="0.007"/>
  <testcase name="purgeObs_shouldThrowAPIExceptionIfGivenTrueCascade" classname="org.openmrs.api.ObsServiceTest" time="0.003"/>
  <testcase name="saveObs_shouldSetVoidReasonMessageToChangeMessage" classname="org.openmrs.api.ObsServiceTest" time="0.006"/>
  <testcase name="getComplexObs_shouldReturnNormalObsForNonComplexObs" classname="org.openmrs.api.ObsServiceTest" time="0.01"/>
  <testcase name="getObservations_shouldCompareDatesUsingLteAndGte" classname="org.openmrs.api.ObsServiceTest" time="0.017"/>
  <testcase name="getObservations_shouldReturnAllObsWhosePersonIsAPersonOnly" classname="org.openmrs.api.ObsServiceTest" time="0.016"/>
  <testcase name="getObservations_shouldIncludeVoidedObsIfIncludeVoidedObsIsTrue" classname="org.openmrs.api.ObsServiceTest" time="0.016"/>
  <testcase name="getObservationsByPersonAndConcept_shouldNotFailWithNullPersonParameter" classname="org.openmrs.api.ObsServiceTest" time="0.003"/>
  <testcase name="unvoidObs_shouldUnsetVoidedBitOnGivenObs" classname="org.openmrs.api.ObsServiceTest" time="0.003"/>
  <testcase name="getObservationsByPersonAndConcept_shouldGetObservationsMatchingPersonAndQuestion" classname="org.openmrs.api.ObsServiceTest" time="0.003"/>
  <testcase name="getObservations_shouldGetObsMatchingObsIdInSearchString" classname="org.openmrs.api.ObsServiceTest" time="0.008"/>
  <testcase name="saveObs_shouldCascadeSaveToChildObsGroups" classname="org.openmrs.api.ObsServiceTest" time="0.005"/>
  <testcase name="unvoidObs_shouldCascadeUnvoidToChildGroupedObs" classname="org.openmrs.api.ObsServiceTest" time="0.013"/>
  <testcase name="getObservations_shouldGetAllObsWithAnswerConceptInGivenAnswersParameter" classname="org.openmrs.api.ObsServiceTest" time="0.014"/>
  <testcase name="getObservations_shouldReturnObsWhoseGroupIdIsGivenObsGroupId" classname="org.openmrs.api.ObsServiceTest" time="0.013"/>
  <testcase name="getObservations_shouldReturnObsWithLocationInGivenLocationsParameter" classname="org.openmrs.api.ObsServiceTest" time="0.004"/>
  <testcase name="getObservationCount_shouldReturnTheCountOfAllObservationsUsingTheSpecifiedConceptNamesAsAnswers" classname="org.openmrs.api.ObsServiceTest" time="0.005"/>
  <testcase name="saveObs_shouldSetCreatorAndDateCreatedOnNewObs" classname="org.openmrs.api.ObsServiceTest" time="0.006"/>
  <testcase name="voidObs_shouldSetVoidedBitOnGivenObs" classname="org.openmrs.api.ObsServiceTest" time="0.004"/>
  <testcase name="getObservationCount_shouldReturnZeroIfNoObservationIsUsingAnyOfTheConcepNamesInTheList" classname="org.openmrs.api.ObsServiceTest" time="0.004"/>
  <testcase name="removeHandler_shouldRemoveHandlerWithMatchingKey" classname="org.openmrs.api.ObsServiceTest" time="0.003"/>
  <testcase name="purgeObs_shouldDeleteTheGivenObsFromTheDatabase" classname="org.openmrs.api.ObsServiceTest" time="0.005"/>
  <testcase name="getObservations_shouldSortReturnedObsByObsDatetimeIfSortIsEmpty" classname="org.openmrs.api.ObsServiceTest" time="0.019"/>
  <testcase name="saveObs_shouldNotOverwriteFileWhenUpdatingAComplexObs" classname="org.openmrs.api.ObsServiceTest" time="0.026"/>
  <testcase name="getHandlers_shouldNeverReturnNull" classname="org.openmrs.api.ObsServiceTest" time="0.003"/>
  <testcase name="getObservationCount_shouldNotIncludeVoidedObsInCount" classname="org.openmrs.api.ObsServiceTest" time="0.014"/>
  <testcase name="getObservations_shouldSortReturnedObsByConceptIdIfSortIsConcept" classname="org.openmrs.api.ObsServiceTest" time="0.004"/>
  <testcase name="purgeObs_shouldDeleteAnyObsGroupMembersBeforeDeletingTheObs" classname="org.openmrs.api.ObsServiceTest" time="0.016"/>
  <testcase name="getComplexObs_shouldNotFailWithNullView" classname="org.openmrs.api.ObsServiceTest" time="0.032"/>
  <testcase name="getHandler_shouldGetHandlerWithMatchingKey" classname="org.openmrs.api.ObsServiceTest" time="0.003"/>
  <testcase name="getComplexObs_shouldFillInComplexDataObjectForComplexObs" classname="org.openmrs.api.ObsServiceTest" time="0.022"/>
</testsuite>