<?xml version="1.0" encoding="UTF-8"?>
<testsuite name="org.openmrs.api.AdministrationServiceTest" time="2.376" tests="53" errors="0" skipped="4" failures="0">
  <properties>
    <property name="java.runtime.name" value="Java(TM) SE Runtime Environment"/>
    <property name="sun.boot.library.path" value="C:\Program Files\Java\jdk1.8.0_101\jre\bin"/>
    <property name="java.vm.version" value="25.101-b13"/>
    <property name="java.vm.vendor" value="Oracle Corporation"/>
    <property name="java.vendor.url" value="http://java.oracle.com/"/>
    <property name="path.separator" value=";"/>
    <property name="guice.disable.misplaced.annotation.check" value="true"/>
    <property name="java.vm.name" value="Java HotSpot(TM) 64-Bit Server VM"/>
    <property name="file.encoding.pkg" value="sun.io"/>
    <property name="user.script" value=""/>
    <property name="user.country" value="US"/>
    <property name="sun.java.launcher" value="SUN_STANDARD"/>
    <property name="sun.os.patch.level" value=""/>
    <property name="java.vm.specification.name" value="Java Virtual Machine Specification"/>
    <property name="user.dir" value="C:\Users\amesk\Documents\GitHub\openMRS\openmrs-core"/>
    <property name="java.runtime.version" value="1.8.0_101-b13"/>
    <property name="java.awt.graphicsenv" value="sun.awt.Win32GraphicsEnvironment"/>
    <property name="java.endorsed.dirs" value="C:\Program Files\Java\jdk1.8.0_101\jre\lib\endorsed"/>
    <property name="os.arch" value="amd64"/>
    <property name="java.io.tmpdir" value="C:\Users\amesk\AppData\Local\Temp\"/>
    <property name="line.separator" value="&#10;"/>
    <property name="java.vm.specification.vendor" value="Oracle Corporation"/>
    <property name="user.variant" value=""/>
    <property name="os.name" value="Windows 10"/>
    <property name="maven.ext.class.path" value="C:\Program Files\NetBeans 8.1\java\maven-nblib\netbeans-eventspy.jar"/>
    <property name="classworlds.conf" value="C:\Program Files\NetBeans 8.1\java\maven\bin\m2.conf"/>
    <property name="sun.jnu.encoding" value="Cp1252"/>
    <property name="java.library.path" value="C:\Program Files\Java\jdk1.8.0_101\bin;C:\WINDOWS\Sun\Java\bin;C:\WINDOWS\system32;C:\WINDOWS;C:\ProgramData\Oracle\Java\javapath;C:\WINDOWS\system32;C:\WINDOWS;C:\WINDOWS\System32\Wbem;C:\WINDOWS\System32\WindowsPowerShell\v1.0\;C:\Program Files (x86)\ATI Technologies\ATI.ACE\Core-Static;C:\Program Files\Microsoft\Web Platform Installer\;C:\Program Files (x86)\Microsoft ASP.NET\ASP.NET Web Pages\v1.0\;C:\Program Files (x86)\Windows Kits\8.0\Windows Performance Toolkit\;C:\Program Files\Microsoft SQL Server\110\Tools\Binn\;C:\Program Files (x86)\Windows Live\Shared;C:\Program Files (x86)\Skype\Phone\;C:\Users\amesk\AppData\Local\Microsoft\WindowsApps;;."/>
    <property name="java.specification.name" value="Java Platform API Specification"/>
    <property name="java.class.version" value="52.0"/>
    <property name="sun.management.compiler" value="HotSpot 64-Bit Tiered Compilers"/>
    <property name="os.version" value="10.0"/>
    <property name="user.home" value="C:\Users\amesk"/>
    <property name="user.timezone" value="America/New_York"/>
    <property name="java.awt.printerjob" value="sun.awt.windows.WPrinterJob"/>
    <property name="java.specification.version" value="1.8"/>
    <property name="file.encoding" value="UTF-8"/>
    <property name="user.name" value="amesk"/>
    <property name="java.class.path" value="C:\Program Files\NetBeans 8.1\java\maven\boot\plexus-classworlds-2.4.jar"/>
    <property name="java.vm.specification.version" value="1.8"/>
    <property name="sun.arch.data.model" value="64"/>
    <property name="java.home" value="C:\Program Files\Java\jdk1.8.0_101\jre"/>
    <property name="sun.java.command" value="org.codehaus.plexus.classworlds.launcher.Launcher -Dmaven.ext.class.path=C:\Program Files\NetBeans 8.1\java\maven-nblib\netbeans-eventspy.jar -Dfile.encoding=UTF-8 clean install"/>
    <property name="java.specification.vendor" value="Oracle Corporation"/>
    <property name="user.language" value="en"/>
    <property name="awt.toolkit" value="sun.awt.windows.WToolkit"/>
    <property name="java.vm.info" value="mixed mode"/>
    <property name="java.version" value="1.8.0_101"/>
    <property name="java.ext.dirs" value="C:\Program Files\Java\jdk1.8.0_101\jre\lib\ext;C:\WINDOWS\Sun\Java\lib\ext"/>
    <property name="sun.boot.class.path" value="C:\Program Files\Java\jdk1.8.0_101\jre\lib\resources.jar;C:\Program Files\Java\jdk1.8.0_101\jre\lib\rt.jar;C:\Program Files\Java\jdk1.8.0_101\jre\lib\sunrsasign.jar;C:\Program Files\Java\jdk1.8.0_101\jre\lib\jsse.jar;C:\Program Files\Java\jdk1.8.0_101\jre\lib\jce.jar;C:\Program Files\Java\jdk1.8.0_101\jre\lib\charsets.jar;C:\Program Files\Java\jdk1.8.0_101\jre\lib\jfr.jar;C:\Program Files\Java\jdk1.8.0_101\jre\classes"/>
    <property name="java.vendor" value="Oracle Corporation"/>
    <property name="maven.home" value="C:\Program Files\NetBeans 8.1\java\maven"/>
    <property name="file.separator" value="\"/>
    <property name="java.vendor.url.bug" value="http://bugreport.sun.com/bugreport/"/>
    <property name="sun.cpu.endian" value="little"/>
    <property name="sun.io.unicode.encoding" value="UnicodeLittle"/>
    <property name="sun.desktop" value="windows"/>
    <property name="sun.cpu.isalist" value="amd64"/>
  </properties>
  <testcase name="getSearchLocales_shouldExcludeNotAllowedLocales" classname="org.openmrs.api.AdministrationServiceTest" time="0.3"/>
  <testcase name="setImplementationId_shouldSetUuidOnImplementationIdGlobalProperty" classname="org.openmrs.api.AdministrationServiceTest" time="0">
    <skipped/>
  </testcase>
  <testcase name="getGlobalPropertyObject_shouldReturnNullWhenNoGlobalPropertyMatchGivenPropertyName" classname="org.openmrs.api.AdministrationServiceTest" time="0.07"/>
  <testcase name="getGlobalPropertyValue_shouldReturnValueInTheSpecifiedDoubleType" classname="org.openmrs.api.AdministrationServiceTest" time="0.032"/>
  <testcase name="getPresentationLocales_shouldReturnLanguageLocaleIfItIsSpecifiedInAllowedListAndThereAreNoCountryLocaleMessageFilesAvailable" classname="org.openmrs.api.AdministrationServiceTest" time="0.123"/>
  <testcase name="saveGlobalProperties_shouldSavePropertiesWithCaseDifferenceOnly" classname="org.openmrs.api.AdministrationServiceTest" time="0.096"/>
  <testcase name="updateGlobalProperty_shouldFailIfGlobalPropertyBeingUpdatedDoesNotAlreadyExist" classname="org.openmrs.api.AdministrationServiceTest" time="0.051"/>
  <testcase name="getGlobalProperty_shouldGetPropertyInCaseInsensitiveWay" classname="org.openmrs.api.AdministrationServiceTest" time="0.088"/>
  <testcase name="setImplementationId_shouldThrowAPIExceptionIfGivenEmptyImplementationIdObject" classname="org.openmrs.api.AdministrationServiceTest" time="0.028"/>
  <testcase name="setGlobalProperty_shouldOverwriteGlobalPropertyIfExists" classname="org.openmrs.api.AdministrationServiceTest" time="0.086"/>
  <testcase name="getGlobalPropertyByUuid_shouldFindObjectGivenValidUuid" classname="org.openmrs.api.AdministrationServiceTest" time="0.037"/>
  <testcase name="updateGlobalProperty_shouldUpdateGlobalPropertyInDatabase" classname="org.openmrs.api.AdministrationServiceTest" time="0.038"/>
  <testcase name="saveGlobalProperties_shouldSaveAllGlobalPropertiesToTheDatabase" classname="org.openmrs.api.AdministrationServiceTest" time="0.125"/>
  <testcase name="saveGlobalProperty_shouldSaveAGlobalPropertyWhoseTypedValueIsHandledByACustomDatatype" classname="org.openmrs.api.AdministrationServiceTest" time="0.067"/>
  <testcase name="saveGlobalProperty_shouldCreateGlobalPropertyInDatabase" classname="org.openmrs.api.AdministrationServiceTest" time="0.033"/>
  <testcase name="getAllGlobalProperties_shouldReturnAllGlobalPropertiesInTheDatabase" classname="org.openmrs.api.AdministrationServiceTest" time="0.037"/>
  <testcase name="getPresentationLocales_shouldReturnAllCountryLocalesIfLanguageLocaleAndNoCountryLocalesAreSpecifiedInAllowedList" classname="org.openmrs.api.AdministrationServiceTest" time="0.032"/>
  <testcase name="getGlobalProperty_shouldNotFailWithNullPropertyName" classname="org.openmrs.api.AdministrationServiceTest" time="0.015"/>
  <testcase name="getAllowedLocales_shouldNotReturnDuplicatesEvenIfTheGlobalPropertyHasThem" classname="org.openmrs.api.AdministrationServiceTest" time="0.031"/>
  <testcase name="saveGlobalProperty_shouldOverwriteGlobalPropertyIfExists" classname="org.openmrs.api.AdministrationServiceTest" time="0.047"/>
  <testcase name="setGlobalProperty_shouldSaveAGlobalPropertyWhoseTypedValueIsHandledByACustomDatatype" classname="org.openmrs.api.AdministrationServiceTest" time="0.026"/>
  <testcase name="getGlobalProperty_shouldNotFailWithNullDefaultValue" classname="org.openmrs.api.AdministrationServiceTest" time="0.022"/>
  <testcase name="getPresentationLocales_shouldPreserveInsertionOrderInSetReturnedByMethod" classname="org.openmrs.api.AdministrationServiceTest" time="0.028"/>
  <testcase name="purgeGlobalProperties_shouldDeleteGlobalPropertiesFromDatabase" classname="org.openmrs.api.AdministrationServiceTest" time="0.065"/>
  <testcase name="saveGlobalProperty_shouldNotAllowDifferentPropertiesToHaveTheSameStringWithDifferentCase" classname="org.openmrs.api.AdministrationServiceTest" time="0.02"/>
  <testcase name="getPresentationLocales_shouldReturnLanguageLocaleIfCountryLocaleIsSpecifiedInAllowedListButCountryLocaleMessageFileIsMissing" classname="org.openmrs.api.AdministrationServiceTest" time="0.027"/>
  <testcase name="saveGlobalProperties_shouldAssignUuidToAllNewProperties" classname="org.openmrs.api.AdministrationServiceTest" time="0.068"/>
  <testcase name="setImplementationId_shouldOverwriteImplementationIdInDatabaseIfExists" classname="org.openmrs.api.AdministrationServiceTest" time="0">
    <skipped/>
  </testcase>
  <testcase name="getAllowedLocales_shouldReturnAtLeastOneLocaleIfNoLocalesDefinedInDatabaseYet" classname="org.openmrs.api.AdministrationServiceTest" time="0.028"/>
  <testcase name="getPresentationLocales_shouldReturnAtLeastOneLocaleIfNoLocalesDefinedInDatabaseYet" classname="org.openmrs.api.AdministrationServiceTest" time="0">
    <skipped/>
  </testcase>
  <testcase name="getGlobalPropertiesByPrefix_shouldReturnAllRelevantGlobalPropertiesInTheDatabase" classname="org.openmrs.api.AdministrationServiceTest" time="0.029"/>
  <testcase name="getGlobalPropertyByUuid_shouldReturnNullIfNoObjectFoundWithGivenUuid" classname="org.openmrs.api.AdministrationServiceTest" time="0.009"/>
  <testcase name="getGlobalPropertyValue_shouldReturnValueInTheSpecifiedIntegerType" classname="org.openmrs.api.AdministrationServiceTest" time="0.035"/>
  <testcase name="updateGlobalProperty_shouldUpdateAGlobalPropertyWhoseTypedvalueIsHandledByACustomDatatype" classname="org.openmrs.api.AdministrationServiceTest" time="0.027"/>
  <testcase name="getPresentationLocales_shouldNotReturnMoreLocalesThanMessageSourceServiceLocales" classname="org.openmrs.api.AdministrationServiceTest" time="0.024"/>
  <testcase name="getSystemVariables_shouldReturnAllRegisteredSystemVariables" classname="org.openmrs.api.AdministrationServiceTest" time="0.025"/>
  <testcase name="getImplementationId_shouldReturnNullIfNoImplementationIdIsDefinedYet" classname="org.openmrs.api.AdministrationServiceTest" time="0.083"/>
  <testcase name="getAllowedLocales_shouldNotFailIfNotGlobalPropertyForLocalesAllowedDefinedYet" classname="org.openmrs.api.AdministrationServiceTest" time="0.032"/>
  <testcase name="getPresentationLocales_shouldReturnOnlyCountryLocaleIfBothCountryLocaleAndLanguageLocaleAreSpecifiedInAllowedList" classname="org.openmrs.api.AdministrationServiceTest" time="0.033"/>
  <testcase name="getGlobalProperty_shouldReturnDefaultValueIfPropertyNameDoesNotExist" classname="org.openmrs.api.AdministrationServiceTest" time="0.013"/>
  <testcase name="setImplementationId_shouldNotFailIfGivenImplementationIdIsNull" classname="org.openmrs.api.AdministrationServiceTest" time="0.011"/>
  <testcase name="getSearchLocales_shouldIncludeUsersProficientLocales" classname="org.openmrs.api.AdministrationServiceTest" time="0.075"/>
  <testcase name="executeSQL_shouldExecuteSqlContainingGroupBy" classname="org.openmrs.api.AdministrationServiceTest" time="0.054"/>
  <testcase name="purgeGlobalProperty_shouldDeleteGlobalPropertyFromDatabase" classname="org.openmrs.api.AdministrationServiceTest" time="0.041"/>
  <testcase name="setImplementationId_shouldThrowAPIExceptionIfGivenACaretInTheImplementationIdCode" classname="org.openmrs.api.AdministrationServiceTest" time="0.056"/>
  <testcase name="setImplementationId_shouldThrowAPIExceptionIfGivenAPipeInTheImplementationIdCode" classname="org.openmrs.api.AdministrationServiceTest" time="0.021"/>
  <testcase name="setImplementationId_shouldCreateImplementationIdInDatabase" classname="org.openmrs.api.AdministrationServiceTest" time="0">
    <skipped/>
  </testcase>
  <testcase name="setGlobalProperty_shouldCreateGlobalPropertyInDatabase" classname="org.openmrs.api.AdministrationServiceTest" time="0.024"/>
  <testcase name="getGlobalPropertyValue_shouldReturnDefaultValueForMissingProperty" classname="org.openmrs.api.AdministrationServiceTest" time="0.056"/>
  <testcase name="getSearchLocales_shouldIncludeCurrentlySelectedFullLocaleAndLangugage" classname="org.openmrs.api.AdministrationServiceTest" time="0.03"/>
  <testcase name="validate_shouldThrowThrowAPIExceptionIfTheInputIsNull" classname="org.openmrs.api.AdministrationServiceTest" time="0.016"/>
  <testcase name="saveGlobalProperties_shouldNotFailWithEmptyList" classname="org.openmrs.api.AdministrationServiceTest" time="0.045"/>
  <testcase name="getGlobalProperty_shouldGetPropertyValueGivenValidPropertyName" classname="org.openmrs.api.AdministrationServiceTest" time="0.017"/>
</testsuite>