<?xml version="1.0" encoding="UTF-8"?>
<testsuite name="org.openmrs.ConceptTest" time="0.515" tests="71" errors="0" skipped="0" failures="0">
  <properties>
    <property name="java.runtime.name" value="Java(TM) SE Runtime Environment"/>
    <property name="sun.boot.library.path" value="C:\Program Files\Java\jdk1.8.0_101\jre\bin"/>
    <property name="java.vm.version" value="25.101-b13"/>
    <property name="java.vm.vendor" value="Oracle Corporation"/>
    <property name="java.vendor.url" value="http://java.oracle.com/"/>
    <property name="path.separator" value=";"/>
    <property name="guice.disable.misplaced.annotation.check" value="true"/>
    <property name="java.vm.name" value="Java HotSpot(TM) 64-Bit Server VM"/>
    <property name="file.encoding.pkg" value="sun.io"/>
    <property name="user.script" value=""/>
    <property name="user.country" value="US"/>
    <property name="sun.java.launcher" value="SUN_STANDARD"/>
    <property name="sun.os.patch.level" value=""/>
    <property name="java.vm.specification.name" value="Java Virtual Machine Specification"/>
    <property name="user.dir" value="C:\Users\amesk\Documents\GitHub\openMRS\openmrs-core"/>
    <property name="java.runtime.version" value="1.8.0_101-b13"/>
    <property name="java.awt.graphicsenv" value="sun.awt.Win32GraphicsEnvironment"/>
    <property name="java.endorsed.dirs" value="C:\Program Files\Java\jdk1.8.0_101\jre\lib\endorsed"/>
    <property name="os.arch" value="amd64"/>
    <property name="java.io.tmpdir" value="C:\Users\amesk\AppData\Local\Temp\"/>
    <property name="line.separator" value="&#10;"/>
    <property name="java.vm.specification.vendor" value="Oracle Corporation"/>
    <property name="user.variant" value=""/>
    <property name="os.name" value="Windows 10"/>
    <property name="maven.ext.class.path" value="C:\Program Files\NetBeans 8.1\java\maven-nblib\netbeans-eventspy.jar"/>
    <property name="classworlds.conf" value="C:\Program Files\NetBeans 8.1\java\maven\bin\m2.conf"/>
    <property name="sun.jnu.encoding" value="Cp1252"/>
    <property name="java.library.path" value="C:\Program Files\Java\jdk1.8.0_101\bin;C:\WINDOWS\Sun\Java\bin;C:\WINDOWS\system32;C:\WINDOWS;C:\ProgramData\Oracle\Java\javapath;C:\WINDOWS\system32;C:\WINDOWS;C:\WINDOWS\System32\Wbem;C:\WINDOWS\System32\WindowsPowerShell\v1.0\;C:\Program Files (x86)\ATI Technologies\ATI.ACE\Core-Static;C:\Program Files\Microsoft\Web Platform Installer\;C:\Program Files (x86)\Microsoft ASP.NET\ASP.NET Web Pages\v1.0\;C:\Program Files (x86)\Windows Kits\8.0\Windows Performance Toolkit\;C:\Program Files\Microsoft SQL Server\110\Tools\Binn\;C:\Program Files (x86)\Windows Live\Shared;C:\Program Files (x86)\Skype\Phone\;C:\Users\amesk\AppData\Local\Microsoft\WindowsApps;;."/>
    <property name="java.specification.name" value="Java Platform API Specification"/>
    <property name="java.class.version" value="52.0"/>
    <property name="sun.management.compiler" value="HotSpot 64-Bit Tiered Compilers"/>
    <property name="os.version" value="10.0"/>
    <property name="user.home" value="C:\Users\amesk"/>
    <property name="user.timezone" value="America/New_York"/>
    <property name="java.awt.printerjob" value="sun.awt.windows.WPrinterJob"/>
    <property name="java.specification.version" value="1.8"/>
    <property name="file.encoding" value="UTF-8"/>
    <property name="user.name" value="amesk"/>
    <property name="java.class.path" value="C:\Program Files\NetBeans 8.1\java\maven\boot\plexus-classworlds-2.4.jar"/>
    <property name="java.vm.specification.version" value="1.8"/>
    <property name="sun.arch.data.model" value="64"/>
    <property name="java.home" value="C:\Program Files\Java\jdk1.8.0_101\jre"/>
    <property name="sun.java.command" value="org.codehaus.plexus.classworlds.launcher.Launcher -Dmaven.ext.class.path=C:\Program Files\NetBeans 8.1\java\maven-nblib\netbeans-eventspy.jar -Dfile.encoding=UTF-8 clean install"/>
    <property name="java.specification.vendor" value="Oracle Corporation"/>
    <property name="user.language" value="en"/>
    <property name="awt.toolkit" value="sun.awt.windows.WToolkit"/>
    <property name="java.vm.info" value="mixed mode"/>
    <property name="java.version" value="1.8.0_101"/>
    <property name="java.ext.dirs" value="C:\Program Files\Java\jdk1.8.0_101\jre\lib\ext;C:\WINDOWS\Sun\Java\lib\ext"/>
    <property name="sun.boot.class.path" value="C:\Program Files\Java\jdk1.8.0_101\jre\lib\resources.jar;C:\Program Files\Java\jdk1.8.0_101\jre\lib\rt.jar;C:\Program Files\Java\jdk1.8.0_101\jre\lib\sunrsasign.jar;C:\Program Files\Java\jdk1.8.0_101\jre\lib\jsse.jar;C:\Program Files\Java\jdk1.8.0_101\jre\lib\jce.jar;C:\Program Files\Java\jdk1.8.0_101\jre\lib\charsets.jar;C:\Program Files\Java\jdk1.8.0_101\jre\lib\jfr.jar;C:\Program Files\Java\jdk1.8.0_101\jre\classes"/>
    <property name="java.vendor" value="Oracle Corporation"/>
    <property name="maven.home" value="C:\Program Files\NetBeans 8.1\java\maven"/>
    <property name="file.separator" value="\"/>
    <property name="java.vendor.url.bug" value="http://bugreport.sun.com/bugreport/"/>
    <property name="sun.cpu.endian" value="little"/>
    <property name="sun.io.unicode.encoding" value="UnicodeLittle"/>
    <property name="sun.desktop" value="windows"/>
    <property name="sun.cpu.isalist" value="amd64"/>
  </properties>
  <testcase name="hasName_shouldReturnFalseIfNameIsNull" classname="org.openmrs.ConceptTest" time="0.036"/>
  <testcase name="addSetMember_shouldAssignTheCallingComponentAsParentToTheConceptSet" classname="org.openmrs.ConceptTest" time="0.002"/>
  <testcase name="getFullySpecifiedName_shouldReturnTheNameMarkedAsFullySpecifiedForTheGivenLocale" classname="org.openmrs.ConceptTest" time="0.011"/>
  <testcase name="getNamesLocale_shouldReturnEmptyCollection" classname="org.openmrs.ConceptTest" time="0.004"/>
  <testcase name="getDescription_shouldReturnMatchOnLanguageOnly" classname="org.openmrs.ConceptTest" time="0.003"/>
  <testcase name="getDescription_shouldReturnMatchOnLocaleExactly" classname="org.openmrs.ConceptTest" time="0.004"/>
  <testcase name="hasName_shouldReturnTrueIfLocaleIsNullButNameExists" classname="org.openmrs.ConceptTest" time="0.002"/>
  <testcase name="setFullySpecifiedName_shouldAddTheNameToTheListOfNamesIfItNotAmongThemBefore" classname="org.openmrs.ConceptTest" time="0.003"/>
  <testcase name="setShortName_shouldSetTheConceptNameTypeOfTheSpecifiedNameToShort" classname="org.openmrs.ConceptTest" time="0.005"/>
  <testcase name="addSetMember_shouldAddTheConceptToTheCurrentListOfConceptSet" classname="org.openmrs.ConceptTest" time="0.002"/>
  <testcase name="setBlankShortName_shouldVoidTheOldOne" classname="org.openmrs.ConceptTest" time="0.003"/>
  <testcase name="toString_shouldReturnConceptIdIfPresentOrNull" classname="org.openmrs.ConceptTest" time="0.003"/>
  <testcase name="setPreferredName_shouldOnlyAllowOnePreferredName" classname="org.openmrs.ConceptTest" time="0.003"/>
  <testcase name="addSetMember_shouldAppendConceptToTheExistingListOfConceptSet" classname="org.openmrs.ConceptTest" time="0.002"/>
  <testcase name="getSetMembers_shouldReturnConceptSetMembersSortedWithRetiredLast" classname="org.openmrs.ConceptTest" time="0.002"/>
  <testcase name="addAnswer_shouldNotFailIfAnswersListIsNull" classname="org.openmrs.ConceptTest" time="0.003"/>
  <testcase name="getAnswers_shouldNotReturnNullIfAnswersListIsNull" classname="org.openmrs.ConceptTest" time="0.004"/>
  <testcase name="addName_shouldReplaceTheOldPreferredNameWithACurrentOne" classname="org.openmrs.ConceptTest" time="0.002"/>
  <testcase name="getCompatibleNames_shouldExcludeIncompatibleLanguageLocales" classname="org.openmrs.ConceptTest" time="0.002"/>
  <testcase name="getPreferredName_shouldReturnTheConceptNameExplicitlyMarkedAsLocalePreferred" classname="org.openmrs.ConceptTest" time="0.003"/>
  <testcase name="getName_shouldNotFailIfNoNamesAreDefined" classname="org.openmrs.ConceptTest" time="0.002"/>
  <testcase name="getCompatibleNames_shouldExcludeIncompatibleCountryLocales" classname="org.openmrs.ConceptTest" time="0.004"/>
  <testcase name="getSetMembers_shouldReturnConceptSetMembersSortedAccordingToTheSortWeight" classname="org.openmrs.ConceptTest" time="0.002"/>
  <testcase name="getAnswers_shouldInitAnswersObject" classname="org.openmrs.ConceptTest" time="0.004"/>
  <testcase name="addSetMember_shouldInsertTheConceptInTheThirdSlot" classname="org.openmrs.ConceptTest" time="0.003"/>
  <testcase name="addSetMember_shouldAssignTheGivenConceptAsAConceptSet" classname="org.openmrs.ConceptTest" time="0.003"/>
  <testcase name="removeDescription_shouldRemoveDescriptionPassedFromListOfDescriptions" classname="org.openmrs.ConceptTest" time="0.003"/>
  <testcase name="addSetMember_shouldInsertTheConceptAtTheEndWithNegativeOneIndex" classname="org.openmrs.ConceptTest" time="0.004"/>
  <testcase name="findPossibleValues_shouldReturnListOfConceptsFromMatchingResults" classname="org.openmrs.ConceptTest" time="0.275"/>
  <testcase name="getName_shouldReturnNameInBroaderLocaleIncaseNoneIsFoundInSpecificOne" classname="org.openmrs.ConceptTest" time="0.002"/>
  <testcase name="getDescriptions_shouldNotReturnNullIfDescriptionsListIsNull" classname="org.openmrs.ConceptTest" time="0.002"/>
  <testcase name="addSetMember_shouldAddConceptAsAConceptSet" classname="org.openmrs.ConceptTest" time="0.003"/>
  <testcase name="getShortestName_shouldReturnTheShortestNameInAGivenLocaleForAConceptIfExactIsTrue" classname="org.openmrs.ConceptTest" time="0.003"/>
  <testcase name="getAnswers_shouldReturnRetiredIfTrue" classname="org.openmrs.ConceptTest" time="0.004"/>
  <testcase name="getAnswers_shouldNotReturnRetiredIfFalse" classname="org.openmrs.ConceptTest" time="0.003"/>
  <testcase name="hasName_shouldReturnFalseIfLocaleIsNullButNameDoesNotExist" classname="org.openmrs.ConceptTest" time="0.003"/>
  <testcase name="getName_shouldReturnExactNameLocaleMatchGivenExactEqualsTrue" classname="org.openmrs.ConceptTest" time="0.002"/>
  <testcase name="setPreferredName_shouldAddTheNameToTheListOfNamesIfItNotAmongThemBefore" classname="org.openmrs.ConceptTest" time="0.003"/>
  <testcase name="getNamesLocale_shouldReturnNonVoidedConceptName" classname="org.openmrs.ConceptTest" time="0.002"/>
  <testcase name="getName_shouldReturnNullIfNoNamesAreFoundInLocaleGivenExactEqualsTrue" classname="org.openmrs.ConceptTest" time="0.002"/>
  <testcase name="addName_shouldReplaceTheOldFullySpecifiedNameWithACurrentOne" classname="org.openmrs.ConceptTest" time="0.003"/>
  <testcase name="addSetMember_shouldAppendConceptToExistingConceptSetHavingRetiredConcept" classname="org.openmrs.ConceptTest" time="0.003"/>
  <testcase name="setShortName_shouldAddTheNameToTheListOfNamesIfItNotAmongThemBefore" classname="org.openmrs.ConceptTest" time="0.003"/>
  <testcase name="getNamesBoolean_shouldNotReturnVoidedConceptName" classname="org.openmrs.ConceptTest" time="0.003"/>
  <testcase name="getSynonyms_shouldSortPreferredFirst" classname="org.openmrs.ConceptTest" time="0.003"/>
  <testcase name="addSetMember_shouldPlaceTheNewConceptLastInTheList" classname="org.openmrs.ConceptTest" time="0.003"/>
  <testcase name="addName_shouldReplaceTheOldShortNameWithACurrentOne" classname="org.openmrs.ConceptTest" time="0.003"/>
  <testcase name="addSetMember_shouldAppendConceptToExistingConceptSet" classname="org.openmrs.ConceptTest" time="0.003"/>
  <testcase name="getDescription_shouldNotReturnLanguageOnlyMatchForExactMatches" classname="org.openmrs.ConceptTest" time="0.003"/>
  <testcase name="setFullySpecifiedName_shouldConvertThePreviousFullySpecifiedNameIfAnyToASynonym" classname="org.openmrs.ConceptTest" time="0.003"/>
  <testcase name="getPreferredName_shouldReturnTheFullySpecifiedNameIfNoNameIsExplicitlyMarkedAsLocalePreferred" classname="org.openmrs.ConceptTest" time="0.003"/>
  <testcase name="setPreferredName_shouldFailIfThePreferredNameToSetToIsAnIndexTerm" classname="org.openmrs.ConceptTest" time="0.005"/>
  <testcase name="getAllConceptNameLocales_shouldReturnAllLocalesForConceptNamesForThisConceptWithoutDuplicates" classname="org.openmrs.ConceptTest" time="0.002"/>
  <testcase name="getNames_shouldNotReturnVoidedConceptName" classname="org.openmrs.ConceptTest" time="0.003"/>
  <testcase name="addAnswer_shouldSetTheSortWeightToTheMaxPlusOneIfNotProvided" classname="org.openmrs.ConceptTest" time="0.004"/>
  <testcase name="getAnswers_shouldReturnRetiredByDefault" classname="org.openmrs.ConceptTest" time="0.002"/>
  <testcase name="getShortestName_shouldReturnTheNameMarkedAsTheShortNameForTheLocaleIfItIsPresent" classname="org.openmrs.ConceptTest" time="0.002"/>
  <testcase name="removeConceptMapping_shouldRemoveConceptMapPassedFromListOfMappings" classname="org.openmrs.ConceptTest" time="0.002"/>
  <testcase name="setShortName_shouldConvertThePreviousShortNameIfAnyToASynonym" classname="org.openmrs.ConceptTest" time="0.002"/>
  <testcase name="addSetMember_shouldInsertTheConceptBeforeTheFirstWithZeroIndex" classname="org.openmrs.ConceptTest" time="0.002"/>
  <testcase name="getShortestName_shouldReturnTheShortestNameForTheConceptFromAnyLocaleIfExactIsFalse" classname="org.openmrs.ConceptTest" time="0.002"/>
  <testcase name="getSetMembers_shouldReturnAllTheConceptMembersOfCurrentConcept" classname="org.openmrs.ConceptTest" time="0.002"/>
  <testcase name="getShortNameInLocale_shouldReturnTheBestShortNameForAConcept" classname="org.openmrs.ConceptTest" time="0.002"/>
  <testcase name="setFullySpecifiedName_shouldSetTheConceptNameTypeOfTheSpecifiedNameToFullySpecified" classname="org.openmrs.ConceptTest" time="0.002"/>
  <testcase name="getBestNameLocale_shouldReturnNull" classname="org.openmrs.ConceptTest" time="0.002"/>
  <testcase name="getShortestName_shouldReturnNullIfTheirAreNoNamesInTheSpecifiedLocaleAndExactIsTrue" classname="org.openmrs.ConceptTest" time="0.008"/>
  <testcase name="getPreferredName_shouldReturnTheBesLocalePreferred" classname="org.openmrs.ConceptTest" time="0.003"/>
  <testcase name="getSetMembers_shouldReturnUnmodifiableListOfConceptMemberList" classname="org.openmrs.ConceptTest" time="0.002"/>
  <testcase name="getDescription_shouldNotReturnMatchOnLanguageOnlyIfExactMatchExists" classname="org.openmrs.ConceptTest" time="0.003"/>
  <testcase name="getName_shouldReturnNameWithinSameLanguageIfExactEqualsFalse" classname="org.openmrs.ConceptTest" time="0.002"/>
  <testcase name="addName_shouldMarkTheFirstNameAddedAsFullySpecified" classname="org.openmrs.ConceptTest" time="0.002"/>
</testsuite>