<?xml version="1.0" encoding="UTF-8"?>
<testsuite name="org.openmrs.api.LocationServiceTest" time="0.806" tests="70" errors="0" skipped="0" failures="0">
  <properties>
    <property name="java.runtime.name" value="Java(TM) SE Runtime Environment"/>
    <property name="sun.boot.library.path" value="C:\Program Files\Java\jdk1.8.0_101\jre\bin"/>
    <property name="java.vm.version" value="25.101-b13"/>
    <property name="java.vm.vendor" value="Oracle Corporation"/>
    <property name="java.vendor.url" value="http://java.oracle.com/"/>
    <property name="path.separator" value=";"/>
    <property name="guice.disable.misplaced.annotation.check" value="true"/>
    <property name="java.vm.name" value="Java HotSpot(TM) 64-Bit Server VM"/>
    <property name="file.encoding.pkg" value="sun.io"/>
    <property name="user.script" value=""/>
    <property name="user.country" value="US"/>
    <property name="sun.java.launcher" value="SUN_STANDARD"/>
    <property name="sun.os.patch.level" value=""/>
    <property name="java.vm.specification.name" value="Java Virtual Machine Specification"/>
    <property name="user.dir" value="C:\Users\amesk\Documents\GitHub\openMRS\openmrs-core"/>
    <property name="java.runtime.version" value="1.8.0_101-b13"/>
    <property name="java.awt.graphicsenv" value="sun.awt.Win32GraphicsEnvironment"/>
    <property name="java.endorsed.dirs" value="C:\Program Files\Java\jdk1.8.0_101\jre\lib\endorsed"/>
    <property name="os.arch" value="amd64"/>
    <property name="java.io.tmpdir" value="C:\Users\amesk\AppData\Local\Temp\"/>
    <property name="line.separator" value="&#10;"/>
    <property name="java.vm.specification.vendor" value="Oracle Corporation"/>
    <property name="user.variant" value=""/>
    <property name="os.name" value="Windows 10"/>
    <property name="maven.ext.class.path" value="C:\Program Files\NetBeans 8.1\java\maven-nblib\netbeans-eventspy.jar"/>
    <property name="classworlds.conf" value="C:\Program Files\NetBeans 8.1\java\maven\bin\m2.conf"/>
    <property name="sun.jnu.encoding" value="Cp1252"/>
    <property name="java.library.path" value="C:\Program Files\Java\jdk1.8.0_101\bin;C:\WINDOWS\Sun\Java\bin;C:\WINDOWS\system32;C:\WINDOWS;C:\ProgramData\Oracle\Java\javapath;C:\WINDOWS\system32;C:\WINDOWS;C:\WINDOWS\System32\Wbem;C:\WINDOWS\System32\WindowsPowerShell\v1.0\;C:\Program Files (x86)\ATI Technologies\ATI.ACE\Core-Static;C:\Program Files\Microsoft\Web Platform Installer\;C:\Program Files (x86)\Microsoft ASP.NET\ASP.NET Web Pages\v1.0\;C:\Program Files (x86)\Windows Kits\8.0\Windows Performance Toolkit\;C:\Program Files\Microsoft SQL Server\110\Tools\Binn\;C:\Program Files (x86)\Windows Live\Shared;C:\Program Files (x86)\Skype\Phone\;C:\Users\amesk\AppData\Local\Microsoft\WindowsApps;;."/>
    <property name="java.specification.name" value="Java Platform API Specification"/>
    <property name="java.class.version" value="52.0"/>
    <property name="sun.management.compiler" value="HotSpot 64-Bit Tiered Compilers"/>
    <property name="os.version" value="10.0"/>
    <property name="user.home" value="C:\Users\amesk"/>
    <property name="user.timezone" value="America/New_York"/>
    <property name="java.awt.printerjob" value="sun.awt.windows.WPrinterJob"/>
    <property name="java.specification.version" value="1.8"/>
    <property name="file.encoding" value="UTF-8"/>
    <property name="user.name" value="amesk"/>
    <property name="java.class.path" value="C:\Program Files\NetBeans 8.1\java\maven\boot\plexus-classworlds-2.4.jar"/>
    <property name="java.vm.specification.version" value="1.8"/>
    <property name="sun.arch.data.model" value="64"/>
    <property name="java.home" value="C:\Program Files\Java\jdk1.8.0_101\jre"/>
    <property name="sun.java.command" value="org.codehaus.plexus.classworlds.launcher.Launcher -Dmaven.ext.class.path=C:\Program Files\NetBeans 8.1\java\maven-nblib\netbeans-eventspy.jar -Dfile.encoding=UTF-8 clean install"/>
    <property name="java.specification.vendor" value="Oracle Corporation"/>
    <property name="user.language" value="en"/>
    <property name="awt.toolkit" value="sun.awt.windows.WToolkit"/>
    <property name="java.vm.info" value="mixed mode"/>
    <property name="java.version" value="1.8.0_101"/>
    <property name="java.ext.dirs" value="C:\Program Files\Java\jdk1.8.0_101\jre\lib\ext;C:\WINDOWS\Sun\Java\lib\ext"/>
    <property name="sun.boot.class.path" value="C:\Program Files\Java\jdk1.8.0_101\jre\lib\resources.jar;C:\Program Files\Java\jdk1.8.0_101\jre\lib\rt.jar;C:\Program Files\Java\jdk1.8.0_101\jre\lib\sunrsasign.jar;C:\Program Files\Java\jdk1.8.0_101\jre\lib\jsse.jar;C:\Program Files\Java\jdk1.8.0_101\jre\lib\jce.jar;C:\Program Files\Java\jdk1.8.0_101\jre\lib\charsets.jar;C:\Program Files\Java\jdk1.8.0_101\jre\lib\jfr.jar;C:\Program Files\Java\jdk1.8.0_101\jre\classes"/>
    <property name="java.vendor" value="Oracle Corporation"/>
    <property name="maven.home" value="C:\Program Files\NetBeans 8.1\java\maven"/>
    <property name="file.separator" value="\"/>
    <property name="java.vendor.url.bug" value="http://bugreport.sun.com/bugreport/"/>
    <property name="sun.cpu.endian" value="little"/>
    <property name="sun.io.unicode.encoding" value="UnicodeLittle"/>
    <property name="sun.desktop" value="windows"/>
    <property name="sun.cpu.isalist" value="amd64"/>
  </properties>
  <testcase name="getLocationTagByUuid_shouldReturnNullIfNoObjectFoundWithGivenUuid" classname="org.openmrs.api.LocationServiceTest" time="0.017"/>
  <testcase name="getLocationAttributeByUuid_shouldGetTheLocationAttributeWithTheGivenUuid" classname="org.openmrs.api.LocationServiceTest" time="0.024"/>
  <testcase name="getLocationsByTag_shouldReturnEmptyListWhenNoLocationsHasTheGivenTag" classname="org.openmrs.api.LocationServiceTest" time="0.011"/>
  <testcase name="getLocationsByTag_shouldGetLocationsByTag" classname="org.openmrs.api.LocationServiceTest" time="0.01"/>
  <testcase name="purgeLocationAttributeType_shouldCompletelyRemoveALocationAttributeType" classname="org.openmrs.api.LocationServiceTest" time="0.015"/>
  <testcase name="getLocation_shouldReturnNullWhenNoLocationMatchGivenLocationName" classname="org.openmrs.api.LocationServiceTest" time="0.006"/>
  <testcase name="saveLocation_shouldSetAuditInfoIfAnyItemInTheLocationIsEdited" classname="org.openmrs.api.LocationServiceTest" time="0.013"/>
  <testcase name="getAllLocationTags_shouldReturnAllLocationTagsIfIncludeRetiredIsTrue" classname="org.openmrs.api.LocationServiceTest" time="0.008"/>
  <testcase name="retireLocationTag_shouldRetireLocationTagWithGivenReason" classname="org.openmrs.api.LocationServiceTest" time="0.01"/>
  <testcase name="getAllLocations_shouldReturnOnlyUnretiredLocationsWhenIncludeRetiresIsFalse" classname="org.openmrs.api.LocationServiceTest" time="0.011"/>
  <testcase name="saveLocationTag_shouldThrowAPIExceptionIfTagHasNoName" classname="org.openmrs.api.LocationServiceTest" time="0.008"/>
  <testcase name="saveLocationAttributeType_shouldEditAnExistingLocationAttributeType" classname="org.openmrs.api.LocationServiceTest" time="0.017"/>
  <testcase name="getLocationsHavingAllTags_shouldReturnAllUnretiredLocationsGivenAnEmptyTagList" classname="org.openmrs.api.LocationServiceTest" time="0.007"/>
  <testcase name="purgeLocationTag_shouldDeleteLocationTag" classname="org.openmrs.api.LocationServiceTest" time="0.008"/>
  <testcase name="saveLocationTag_shouldUpdateLocationTagSuccessfully" classname="org.openmrs.api.LocationServiceTest" time="0.009"/>
  <testcase name="saveLocation_shouldReturnSavedObject" classname="org.openmrs.api.LocationServiceTest" time="0.014"/>
  <testcase name="saveLocation_shouldOverwriteTransientTagIfTagWithSameNameExists" classname="org.openmrs.api.LocationServiceTest" time="0.009"/>
  <testcase name="saveLocation_shouldCreateLocationSuccessfully" classname="org.openmrs.api.LocationServiceTest" time="0.01"/>
  <testcase name="saveLocationAttributeType_shouldCreateANewLocationAttributeType" classname="org.openmrs.api.LocationServiceTest" time="0.014"/>
  <testcase name="retireLocation_shouldRetireLocationSuccessfully" classname="org.openmrs.api.LocationServiceTest" time="0.02"/>
  <testcase name="getLocationByUuid_shouldReturnNullIfNoObjectFoundWithGivenUuid" classname="org.openmrs.api.LocationServiceTest" time="0.015"/>
  <testcase name="getLocationTagByUuid_shouldFindObjectGivenValidUuid" classname="org.openmrs.api.LocationServiceTest" time="0.008"/>
  <testcase name="getLocationAttributeTypeByName_shouldReturnNullIfNoLocationAttributeTypeExistsWithTheSpecifiedName" classname="org.openmrs.api.LocationServiceTest" time="0.011"/>
  <testcase name="saveLocation_shouldCascadeSaveToChildLocationFromLocation" classname="org.openmrs.api.LocationServiceTest" time="0.011"/>
  <testcase name="saveLocationTag_shouldSetAuditInfoIfAnyItemInTheLocationTagIsEdited" classname="org.openmrs.api.LocationServiceTest" time="0.011"/>
  <testcase name="unretireLocationAttributeType_shouldUnretireARetiredLocationAttributeType" classname="org.openmrs.api.LocationServiceTest" time="0.012"/>
  <testcase name="getAllLocations_shouldPushRetiredLocationsToTheEndOfTheListWhenIncludeRetiredIsTrue" classname="org.openmrs.api.LocationServiceTest" time="0.015"/>
  <testcase name="getLocationAttributeType_shouldReturnTheLocationAttributeTypeWithTheGivenId" classname="org.openmrs.api.LocationServiceTest" time="0.015"/>
  <testcase name="saveLocation_shouldUpdateLocationSuccessfully" classname="org.openmrs.api.LocationServiceTest" time="0.01"/>
  <testcase name="getRootLocations_shouldReturnRootLocationsIncludingRetired" classname="org.openmrs.api.LocationServiceTest" time="0.007"/>
  <testcase name="saveLocationTag_shouldCreateLocationTagSuccessfully" classname="org.openmrs.api.LocationServiceTest" time="0.009"/>
  <testcase name="getAllLocationTags_shouldReturnAllLocationTagsIncludingRetired" classname="org.openmrs.api.LocationServiceTest" time="0.007"/>
  <testcase name="getLocationAttributeByUuid_shouldReturnNullIfNoLocationAttributeHasTheGivenUuid" classname="org.openmrs.api.LocationServiceTest" time="0.016"/>
  <testcase name="saveLocation_shouldAddLocationTagToLocation" classname="org.openmrs.api.LocationServiceTest" time="0.017"/>
  <testcase name="getAllLocationTags_shouldReturnOnlyUnretiredLocationTagsIfIncludeRetiredIsFalse" classname="org.openmrs.api.LocationServiceTest" time="0.012"/>
  <testcase name="getLocations_shouldGetLocationsHavingAllMatchingAttributeValues" classname="org.openmrs.api.LocationServiceTest" time="0.032"/>
  <testcase name="purgeLocation_shouldDeleteLocationSuccessfully" classname="org.openmrs.api.LocationServiceTest" time="0.012"/>
  <testcase name="getLocationTagByName_shouldGetLocationTagByName" classname="org.openmrs.api.LocationServiceTest" time="0.008"/>
  <testcase name="unretireLocationTag_shouldUnretireRetiredLocationTag" classname="org.openmrs.api.LocationServiceTest" time="0.011"/>
  <testcase name="retireLocation_shouldNotRetireIndependentField" classname="org.openmrs.api.LocationServiceTest" time="0.008"/>
  <testcase name="saveLocation_shouldRemoveChildLocationFromLocation" classname="org.openmrs.api.LocationServiceTest" time="0.013"/>
  <testcase name="getLocation_shouldReturnNullWhenNoLocationMatchGivenLocationId" classname="org.openmrs.api.LocationServiceTest" time="0.006"/>
  <testcase name="getLocationByUuid_shouldFindObjectGivenValidUuid" classname="org.openmrs.api.LocationServiceTest" time="0.009"/>
  <testcase name="getLocationsHavingAnyTag_shouldGetLocationsHavingAnyTag" classname="org.openmrs.api.LocationServiceTest" time="0.011"/>
  <testcase name="getAllLocationAttributeTypes_shouldReturnAllLocationAttributeTypesIncludingRetiredOnes" classname="org.openmrs.api.LocationServiceTest" time="0.01"/>
  <testcase name="getLocationsHavingAnyTag_shouldReturnEmptyListWhenGivenAnEmptyTagList" classname="org.openmrs.api.LocationServiceTest" time="0.011"/>
  <testcase name="getRootLocations_shouldReturnOnlyUnretiredRootLocations" classname="org.openmrs.api.LocationServiceTest" time="0.009"/>
  <testcase name="unretireLocation_shouldUnretireRetiredLocation" classname="org.openmrs.api.LocationServiceTest" time="0.009"/>
  <testcase name="getAllLocations_shouldReturnAllLocationsWhenIncludeRetiredIsTrue" classname="org.openmrs.api.LocationServiceTest" time="0.008"/>
  <testcase name="getLocationsHavingAllTags_shouldGetLocationsHavingAllTags" classname="org.openmrs.api.LocationServiceTest" time="0.008"/>
  <testcase name="getLocationAttributeTypeByName_shouldReturnTheLocationAttributeTypeWithTheSpecifiedName" classname="org.openmrs.api.LocationServiceTest" time="0.012"/>
  <testcase name="getLocationTagByName_shouldReturnNullWhenNoLocationTagMatchGivenName" classname="org.openmrs.api.LocationServiceTest" time="0.007"/>
  <testcase name="getLocationAttributeTypeByUuid_shouldReturnNullIfNoLocationAttributeTypeExistsWithTheGivenUuid" classname="org.openmrs.api.LocationServiceTest" time="0.013"/>
  <testcase name="getDefaultLocation_shouldReturnUnknownLocationIfTheGlobalPropertyIsSomethingElseThatDoesnotExist" classname="org.openmrs.api.LocationServiceTest" time="0.013"/>
  <testcase name="getAllLocations_shouldReturnAllLocationsIncludingRetired" classname="org.openmrs.api.LocationServiceTest" time="0.012"/>
  <testcase name="retireLocationTag_shouldRetireLocationTagSuccessfully" classname="org.openmrs.api.LocationServiceTest" time="0.012"/>
  <testcase name="saveLocationTag_shouldReturnSavedObject" classname="org.openmrs.api.LocationServiceTest" time="0.009"/>
  <testcase name="getLocations_shouldReturnEmptyListWhenNoLocationMatchTheNameFragment" classname="org.openmrs.api.LocationServiceTest" time="0.008"/>
  <testcase name="getLocationAttributeTypeByUuid_shouldReturnTheLocationAttributeTypeWithTheGivenUuid" classname="org.openmrs.api.LocationServiceTest" time="0.01"/>
  <testcase name="saveLocation_shouldThrowAPIExceptionIfTransientTagIsNotFound" classname="org.openmrs.api.LocationServiceTest" time="0.009"/>
  <testcase name="getLocationTags_shouldReturnEmptyListWhenNoLocationTagMatchGivenSearchString" classname="org.openmrs.api.LocationServiceTest" time="0.01"/>
  <testcase name="getLocations_shouldNotFindAnyLocationsIfNoneHaveGivenAttributeValues" classname="org.openmrs.api.LocationServiceTest" time="0.01"/>
  <testcase name="saveLocation_shouldThrowAPIExceptionIfLocationHasNoName" classname="org.openmrs.api.LocationServiceTest" time="0.011"/>
  <testcase name="saveLocationTag_shouldThrowExceptionIfTagNameIsNull" classname="org.openmrs.api.LocationServiceTest" time="0.01"/>
  <testcase name="getLocationAttributeType_shouldReturnNullIfNoLocationAttributeTypeExistsWithTheGivenId" classname="org.openmrs.api.LocationServiceTest" time="0.013"/>
  <testcase name="retireLocationAttributeType_shouldRetireALocationAttributeType" classname="org.openmrs.api.LocationServiceTest" time="0.016"/>
  <testcase name="getLocationsHavingAnyTag_shouldReturnEmptyListWhenNoLocationHasTheGivenTags" classname="org.openmrs.api.LocationServiceTest" time="0.012"/>
  <testcase name="saveLocation_shouldRemoveLocationTagFromLocation" classname="org.openmrs.api.LocationServiceTest" time="0.014"/>
  <testcase name="getLocationTag_shouldReturnNullWhenNoLocationTagMatchGivenId" classname="org.openmrs.api.LocationServiceTest" time="0.01"/>
  <testcase name="getDefaultLocation_shouldReturnDefaultLocationForTheImplementation" classname="org.openmrs.api.LocationServiceTest" time="0.013"/>
</testsuite>