<?xml version="1.0" encoding="UTF-8"?>
<testsuite name="org.openmrs.hl7.handler.ORUR01HandlerTest" time="1.729" tests="39" errors="0" skipped="0" failures="0">
  <properties>
    <property name="java.runtime.name" value="Java(TM) SE Runtime Environment"/>
    <property name="sun.boot.library.path" value="C:\Program Files\Java\jdk1.8.0_101\jre\bin"/>
    <property name="java.vm.version" value="25.101-b13"/>
    <property name="java.vm.vendor" value="Oracle Corporation"/>
    <property name="java.vendor.url" value="http://java.oracle.com/"/>
    <property name="path.separator" value=";"/>
    <property name="guice.disable.misplaced.annotation.check" value="true"/>
    <property name="java.vm.name" value="Java HotSpot(TM) 64-Bit Server VM"/>
    <property name="file.encoding.pkg" value="sun.io"/>
    <property name="user.script" value=""/>
    <property name="user.country" value="US"/>
    <property name="sun.java.launcher" value="SUN_STANDARD"/>
    <property name="sun.os.patch.level" value=""/>
    <property name="java.vm.specification.name" value="Java Virtual Machine Specification"/>
    <property name="user.dir" value="C:\Users\amesk\Documents\GitHub\openMRS\openmrs-core"/>
    <property name="java.runtime.version" value="1.8.0_101-b13"/>
    <property name="java.awt.graphicsenv" value="sun.awt.Win32GraphicsEnvironment"/>
    <property name="java.endorsed.dirs" value="C:\Program Files\Java\jdk1.8.0_101\jre\lib\endorsed"/>
    <property name="os.arch" value="amd64"/>
    <property name="java.io.tmpdir" value="C:\Users\amesk\AppData\Local\Temp\"/>
    <property name="line.separator" value="&#10;"/>
    <property name="java.vm.specification.vendor" value="Oracle Corporation"/>
    <property name="user.variant" value=""/>
    <property name="os.name" value="Windows 10"/>
    <property name="maven.ext.class.path" value="C:\Program Files\NetBeans 8.1\java\maven-nblib\netbeans-eventspy.jar"/>
    <property name="classworlds.conf" value="C:\Program Files\NetBeans 8.1\java\maven\bin\m2.conf"/>
    <property name="sun.jnu.encoding" value="Cp1252"/>
    <property name="java.library.path" value="C:\Program Files\Java\jdk1.8.0_101\bin;C:\WINDOWS\Sun\Java\bin;C:\WINDOWS\system32;C:\WINDOWS;C:\ProgramData\Oracle\Java\javapath;C:\WINDOWS\system32;C:\WINDOWS;C:\WINDOWS\System32\Wbem;C:\WINDOWS\System32\WindowsPowerShell\v1.0\;C:\Program Files (x86)\ATI Technologies\ATI.ACE\Core-Static;C:\Program Files\Microsoft\Web Platform Installer\;C:\Program Files (x86)\Microsoft ASP.NET\ASP.NET Web Pages\v1.0\;C:\Program Files (x86)\Windows Kits\8.0\Windows Performance Toolkit\;C:\Program Files\Microsoft SQL Server\110\Tools\Binn\;C:\Program Files (x86)\Windows Live\Shared;C:\Program Files (x86)\Skype\Phone\;C:\Users\amesk\AppData\Local\Microsoft\WindowsApps;;."/>
    <property name="java.specification.name" value="Java Platform API Specification"/>
    <property name="java.class.version" value="52.0"/>
    <property name="sun.management.compiler" value="HotSpot 64-Bit Tiered Compilers"/>
    <property name="os.version" value="10.0"/>
    <property name="user.home" value="C:\Users\amesk"/>
    <property name="user.timezone" value="America/New_York"/>
    <property name="java.awt.printerjob" value="sun.awt.windows.WPrinterJob"/>
    <property name="java.specification.version" value="1.8"/>
    <property name="file.encoding" value="UTF-8"/>
    <property name="user.name" value="amesk"/>
    <property name="java.class.path" value="C:\Program Files\NetBeans 8.1\java\maven\boot\plexus-classworlds-2.4.jar"/>
    <property name="java.vm.specification.version" value="1.8"/>
    <property name="sun.arch.data.model" value="64"/>
    <property name="java.home" value="C:\Program Files\Java\jdk1.8.0_101\jre"/>
    <property name="sun.java.command" value="org.codehaus.plexus.classworlds.launcher.Launcher -Dmaven.ext.class.path=C:\Program Files\NetBeans 8.1\java\maven-nblib\netbeans-eventspy.jar -Dfile.encoding=UTF-8 clean install"/>
    <property name="java.specification.vendor" value="Oracle Corporation"/>
    <property name="user.language" value="en"/>
    <property name="awt.toolkit" value="sun.awt.windows.WToolkit"/>
    <property name="java.vm.info" value="mixed mode"/>
    <property name="java.version" value="1.8.0_101"/>
    <property name="java.ext.dirs" value="C:\Program Files\Java\jdk1.8.0_101\jre\lib\ext;C:\WINDOWS\Sun\Java\lib\ext"/>
    <property name="sun.boot.class.path" value="C:\Program Files\Java\jdk1.8.0_101\jre\lib\resources.jar;C:\Program Files\Java\jdk1.8.0_101\jre\lib\rt.jar;C:\Program Files\Java\jdk1.8.0_101\jre\lib\sunrsasign.jar;C:\Program Files\Java\jdk1.8.0_101\jre\lib\jsse.jar;C:\Program Files\Java\jdk1.8.0_101\jre\lib\jce.jar;C:\Program Files\Java\jdk1.8.0_101\jre\lib\charsets.jar;C:\Program Files\Java\jdk1.8.0_101\jre\lib\jfr.jar;C:\Program Files\Java\jdk1.8.0_101\jre\classes"/>
    <property name="java.vendor" value="Oracle Corporation"/>
    <property name="maven.home" value="C:\Program Files\NetBeans 8.1\java\maven"/>
    <property name="file.separator" value="\"/>
    <property name="java.vendor.url.bug" value="http://bugreport.sun.com/bugreport/"/>
    <property name="sun.cpu.endian" value="little"/>
    <property name="sun.io.unicode.encoding" value="UnicodeLittle"/>
    <property name="sun.desktop" value="windows"/>
    <property name="sun.cpu.isalist" value="amd64"/>
  </properties>
  <testcase name="processMessage_shouldSetValueAsBooleanForObsIfTheAnswerIs0Or1AndQuestionDatatypeIsBoolean" classname="org.openmrs.hl7.handler.ORUR01HandlerTest" time="0.195"/>
  <testcase name="processNK1_shouldFailIfTheRelationshipTypeIsNotFound" classname="org.openmrs.hl7.handler.ORUR01HandlerTest" time="0.055"/>
  <testcase name="processMessage_shouldPreferFormIdIfUuidIsNotFound" classname="org.openmrs.hl7.handler.ORUR01HandlerTest" time="0.05"/>
  <testcase name="processMessage_shouldCreateAnEncounterAndFindTheProviderByPersonId" classname="org.openmrs.hl7.handler.ORUR01HandlerTest" time="0.035"/>
  <testcase name="processMessage_shouldCreateObsValueCodedName" classname="org.openmrs.hl7.handler.ORUR01HandlerTest" time="0.045"/>
  <testcase name="processMessage_shouldNotCreateProblemListObservationWithConceptProposals" classname="org.openmrs.hl7.handler.ORUR01HandlerTest" time="0.044"/>
  <testcase name="processNK1_shouldCreateARelationshipFromANK1Segment" classname="org.openmrs.hl7.handler.ORUR01HandlerTest" time="0.049"/>
  <testcase name="processMessage_shouldFailIfQuestionDatatypeIsNeitherBooleanNorNumericNorCoded" classname="org.openmrs.hl7.handler.ORUR01HandlerTest" time="0.046"/>
  <testcase name="getConcept_shouldReturnAConceptIfGivenLocalCodingSystem" classname="org.openmrs.hl7.handler.ORUR01HandlerTest" time="0.039"/>
  <testcase name="processMessage_shouldPreferFormUuidOverIdIfBothArePresent" classname="org.openmrs.hl7.handler.ORUR01HandlerTest" time="0.034"/>
  <testcase name="processMessage_shouldCreateAnEncounterAndFindTheProviderByProviderId" classname="org.openmrs.hl7.handler.ORUR01HandlerTest" time="0.079"/>
  <testcase name="processNK1_shouldCreateAPersonIfTheRelativeIsNotFound" classname="org.openmrs.hl7.handler.ORUR01HandlerTest" time="0.041"/>
  <testcase name="processMessage_shouldFailIfTheProviderNameTypeCodeIsNotSpecifiedAndIsNotAPersonId" classname="org.openmrs.hl7.handler.ORUR01HandlerTest" time="0.035"/>
  <testcase name="processMessage_shouldCreateAnEncounterAndFindTheProviderByUuid" classname="org.openmrs.hl7.handler.ORUR01HandlerTest" time="0.041"/>
  <testcase name="getConcept_shouldReturnNullIfCodingSystemNotFound" classname="org.openmrs.hl7.handler.ORUR01HandlerTest" time="0.025"/>
  <testcase name="processMessage_shouldFailOnEmptyConceptAnswers" classname="org.openmrs.hl7.handler.ORUR01HandlerTest" time="0.028"/>
  <testcase name="processNK1_shouldNotCreateARelationshipIfOneExists" classname="org.openmrs.hl7.handler.ORUR01HandlerTest" time="0.033"/>
  <testcase name="processMessage_shouldCreateEncounterAndObsFromHl7Message" classname="org.openmrs.hl7.handler.ORUR01HandlerTest" time="0.036"/>
  <testcase name="parseObs_shouldAddCommentsToAnObservationFromNTESegments" classname="org.openmrs.hl7.handler.ORUR01HandlerTest" time="0.032"/>
  <testcase name="processMessage_shouldSetComplexDataForObsWithComplexConcepts" classname="org.openmrs.hl7.handler.ORUR01HandlerTest" time="0.03"/>
  <testcase name="parseObs_shouldAddMultipleCommentsForAnObservationAsOneComment" classname="org.openmrs.hl7.handler.ORUR01HandlerTest" time="0.032"/>
  <testcase name="processMessage_shouldSetValue_NumericForObsIfQuestionDatatypeIsNumeric" classname="org.openmrs.hl7.handler.ORUR01HandlerTest" time="0.03"/>
  <testcase name="processORU_R01_shouldProcessMultipleNK1Segments" classname="org.openmrs.hl7.handler.ORUR01HandlerTest" time="0.039"/>
  <testcase name="processMessage_shouldCreateObsGroupForOBRs" classname="org.openmrs.hl7.handler.ORUR01HandlerTest" time="0.037"/>
  <testcase name="getForm_shouldPassIfReturnValueIsNullWhenUuidAndIdIsNull" classname="org.openmrs.hl7.handler.ORUR01HandlerTest" time="0.02"/>
  <testcase name="processMessage_shouldCreateBasicConceptProposal" classname="org.openmrs.hl7.handler.ORUR01HandlerTest" time="0.027"/>
  <testcase name="processMessage_shouldFailIfQuestionDatatypeIsCodedAndABooleanIsNotAValidAnswer" classname="org.openmrs.hl7.handler.ORUR01HandlerTest" time="0.026"/>
  <testcase name="processMessage_shouldSetValue_CodedMatchingABooleanConceptForObsIfTheAnswerIs0Or1AndQuestionDatatypeIsCoded" classname="org.openmrs.hl7.handler.ORUR01HandlerTest" time="0.031"/>
  <testcase name="getForm_shouldPassIfReturnValueIsNotNullWhenUuidOrIdIsNotNull" classname="org.openmrs.hl7.handler.ORUR01HandlerTest" time="0.026"/>
  <testcase name="processNK1_shouldFailIfTheCodingSystemIsNot99REL" classname="org.openmrs.hl7.handler.ORUR01HandlerTest" time="0.047"/>
  <testcase name="processMessage_shouldUnderstandFormUuidIfPresent" classname="org.openmrs.hl7.handler.ORUR01HandlerTest" time="0.059"/>
  <testcase name="processMessage_shouldFailOnEmptyConceptProposals" classname="org.openmrs.hl7.handler.ORUR01HandlerTest" time="0.035"/>
  <testcase name="getConcept_shouldReturnAMappedConceptIfGivenAValidMapping" classname="org.openmrs.hl7.handler.ORUR01HandlerTest" time="0.028"/>
  <testcase name="processMessage_shouldSetValue_NumericForObsIfQuestionDatatypeIsNumericAndTheAnswerIsEither0Or1" classname="org.openmrs.hl7.handler.ORUR01HandlerTest" time="0.029"/>
  <testcase name="processNK1_shouldFailIfTheRelationshipIdentifierIsFormattedImproperly" classname="org.openmrs.hl7.handler.ORUR01HandlerTest" time="0.022"/>
  <testcase name="processMessage_shouldCreateAnEncounterAndFindTheProviderByIdentifier" classname="org.openmrs.hl7.handler.ORUR01HandlerTest" time="0.06"/>
  <testcase name="processMessage_shouldAppendToAnExistingEncounter" classname="org.openmrs.hl7.handler.ORUR01HandlerTest" time="0.082"/>
  <testcase name="processMessage_shouldCreateConceptProposalAndWithObsAlongside" classname="org.openmrs.hl7.handler.ORUR01HandlerTest" time="0.062"/>
  <testcase name="parseObs_shouldAddCommentsToAnObservationGroup" classname="org.openmrs.hl7.handler.ORUR01HandlerTest" time="0.065"/>
</testsuite>