<?xml version="1.0" encoding="UTF-8"?>
<testsuite name="org.openmrs.api.VisitServiceTest" time="0.613" tests="60" errors="0" skipped="0" failures="0">
  <properties>
    <property name="java.runtime.name" value="Java(TM) SE Runtime Environment"/>
    <property name="sun.boot.library.path" value="C:\Program Files\Java\jdk1.8.0_101\jre\bin"/>
    <property name="java.vm.version" value="25.101-b13"/>
    <property name="java.vm.vendor" value="Oracle Corporation"/>
    <property name="java.vendor.url" value="http://java.oracle.com/"/>
    <property name="path.separator" value=";"/>
    <property name="guice.disable.misplaced.annotation.check" value="true"/>
    <property name="java.vm.name" value="Java HotSpot(TM) 64-Bit Server VM"/>
    <property name="file.encoding.pkg" value="sun.io"/>
    <property name="user.script" value=""/>
    <property name="user.country" value="US"/>
    <property name="sun.java.launcher" value="SUN_STANDARD"/>
    <property name="sun.os.patch.level" value=""/>
    <property name="java.vm.specification.name" value="Java Virtual Machine Specification"/>
    <property name="user.dir" value="C:\Users\amesk\Documents\GitHub\openMRS\openmrs-core"/>
    <property name="java.runtime.version" value="1.8.0_101-b13"/>
    <property name="java.awt.graphicsenv" value="sun.awt.Win32GraphicsEnvironment"/>
    <property name="java.endorsed.dirs" value="C:\Program Files\Java\jdk1.8.0_101\jre\lib\endorsed"/>
    <property name="os.arch" value="amd64"/>
    <property name="java.io.tmpdir" value="C:\Users\amesk\AppData\Local\Temp\"/>
    <property name="line.separator" value="&#10;"/>
    <property name="java.vm.specification.vendor" value="Oracle Corporation"/>
    <property name="user.variant" value=""/>
    <property name="os.name" value="Windows 10"/>
    <property name="maven.ext.class.path" value="C:\Program Files\NetBeans 8.1\java\maven-nblib\netbeans-eventspy.jar"/>
    <property name="classworlds.conf" value="C:\Program Files\NetBeans 8.1\java\maven\bin\m2.conf"/>
    <property name="sun.jnu.encoding" value="Cp1252"/>
    <property name="java.library.path" value="C:\Program Files\Java\jdk1.8.0_101\bin;C:\WINDOWS\Sun\Java\bin;C:\WINDOWS\system32;C:\WINDOWS;C:\ProgramData\Oracle\Java\javapath;C:\WINDOWS\system32;C:\WINDOWS;C:\WINDOWS\System32\Wbem;C:\WINDOWS\System32\WindowsPowerShell\v1.0\;C:\Program Files (x86)\ATI Technologies\ATI.ACE\Core-Static;C:\Program Files\Microsoft\Web Platform Installer\;C:\Program Files (x86)\Microsoft ASP.NET\ASP.NET Web Pages\v1.0\;C:\Program Files (x86)\Windows Kits\8.0\Windows Performance Toolkit\;C:\Program Files\Microsoft SQL Server\110\Tools\Binn\;C:\Program Files (x86)\Windows Live\Shared;C:\Program Files (x86)\Skype\Phone\;C:\Users\amesk\AppData\Local\Microsoft\WindowsApps;;."/>
    <property name="java.specification.name" value="Java Platform API Specification"/>
    <property name="java.class.version" value="52.0"/>
    <property name="sun.management.compiler" value="HotSpot 64-Bit Tiered Compilers"/>
    <property name="os.version" value="10.0"/>
    <property name="user.home" value="C:\Users\amesk"/>
    <property name="user.timezone" value="America/New_York"/>
    <property name="java.awt.printerjob" value="sun.awt.windows.WPrinterJob"/>
    <property name="java.specification.version" value="1.8"/>
    <property name="file.encoding" value="UTF-8"/>
    <property name="user.name" value="amesk"/>
    <property name="java.class.path" value="C:\Program Files\NetBeans 8.1\java\maven\boot\plexus-classworlds-2.4.jar"/>
    <property name="java.vm.specification.version" value="1.8"/>
    <property name="sun.arch.data.model" value="64"/>
    <property name="java.home" value="C:\Program Files\Java\jdk1.8.0_101\jre"/>
    <property name="sun.java.command" value="org.codehaus.plexus.classworlds.launcher.Launcher -Dmaven.ext.class.path=C:\Program Files\NetBeans 8.1\java\maven-nblib\netbeans-eventspy.jar -Dfile.encoding=UTF-8 clean install"/>
    <property name="java.specification.vendor" value="Oracle Corporation"/>
    <property name="user.language" value="en"/>
    <property name="awt.toolkit" value="sun.awt.windows.WToolkit"/>
    <property name="java.vm.info" value="mixed mode"/>
    <property name="java.version" value="1.8.0_101"/>
    <property name="java.ext.dirs" value="C:\Program Files\Java\jdk1.8.0_101\jre\lib\ext;C:\WINDOWS\Sun\Java\lib\ext"/>
    <property name="sun.boot.class.path" value="C:\Program Files\Java\jdk1.8.0_101\jre\lib\resources.jar;C:\Program Files\Java\jdk1.8.0_101\jre\lib\rt.jar;C:\Program Files\Java\jdk1.8.0_101\jre\lib\sunrsasign.jar;C:\Program Files\Java\jdk1.8.0_101\jre\lib\jsse.jar;C:\Program Files\Java\jdk1.8.0_101\jre\lib\jce.jar;C:\Program Files\Java\jdk1.8.0_101\jre\lib\charsets.jar;C:\Program Files\Java\jdk1.8.0_101\jre\lib\jfr.jar;C:\Program Files\Java\jdk1.8.0_101\jre\classes"/>
    <property name="java.vendor" value="Oracle Corporation"/>
    <property name="maven.home" value="C:\Program Files\NetBeans 8.1\java\maven"/>
    <property name="file.separator" value="\"/>
    <property name="java.vendor.url.bug" value="http://bugreport.sun.com/bugreport/"/>
    <property name="sun.cpu.endian" value="little"/>
    <property name="sun.io.unicode.encoding" value="UnicodeLittle"/>
    <property name="sun.desktop" value="windows"/>
    <property name="sun.cpu.isalist" value="amd64"/>
  </properties>
  <testcase name="saveVisitType_shouldSaveNewVisitType" classname="org.openmrs.api.VisitServiceTest" time="0.009"/>
  <testcase name="getActiveVisitsByPatient_shouldReturnAllActiveVisitsForTheSpecifiedPatient" classname="org.openmrs.api.VisitServiceTest" time="0.022"/>
  <testcase name="unretireVisitAttributeType_shouldUnretireARetiredVisitAttributeType" classname="org.openmrs.api.VisitServiceTest" time="0.015"/>
  <testcase name="saveVisit_shouldAssociateEncounterWithVisitOnSaveEncounter" classname="org.openmrs.api.VisitServiceTest" time="0.009"/>
  <testcase name="getAllVisitTypes_shouldGetAllVisitTypes" classname="org.openmrs.api.VisitServiceTest" time="0.005"/>
  <testcase name="getVisits_shouldGetVisitsEndedBetweenTheGivenEndDates" classname="org.openmrs.api.VisitServiceTest" time="0.02"/>
  <testcase name="saveVisitAttributeType_shouldEditAnExistingVisitAttributeType" classname="org.openmrs.api.VisitServiceTest" time="0.012"/>
  <testcase name="getVisits_shouldGetVisitsThatAreStillOpenEvenIfMinStartDatetimeIsSpecified" classname="org.openmrs.api.VisitServiceTest" time="0.008"/>
  <testcase name="getVisitAttributeByUuid_shouldReturnNullIfNoVisitAttributeHasTheGivenUuid" classname="org.openmrs.api.VisitServiceTest" time="0.012"/>
  <testcase name="saveVisitAttributeType_shouldCreateANewVisitAttributeType" classname="org.openmrs.api.VisitServiceTest" time="0.019"/>
  <testcase name="unvoidVisit_shouldUnvoidEncountersVoidedWithVisit" classname="org.openmrs.api.VisitServiceTest" time="0.043"/>
  <testcase name="endVisit_shouldSetStopDateTimeAsCurrentDateIfStopDateIsNull" classname="org.openmrs.api.VisitServiceTest" time="0.008"/>
  <testcase name="saveVisit_shouldFailIfValidationErrorsAreFound" classname="org.openmrs.api.VisitServiceTest" time="0.005"/>
  <testcase name="retireVisitType_shouldRetireGivenVisitType" classname="org.openmrs.api.VisitServiceTest" time="0.005"/>
  <testcase name="saveVisit_shouldSaveNewVisitWithEncountersSuccessfully" classname="org.openmrs.api.VisitServiceTest" time="0.011"/>
  <testcase name="getVisits_shouldGetVisitsStartedBetweenTheGivenStartDates" classname="org.openmrs.api.VisitServiceTest" time="0.025"/>
  <testcase name="getVisits_shouldGetVisitsByVisitType" classname="org.openmrs.api.VisitServiceTest" time="0.005"/>
  <testcase name="purgeVisit_shouldEraseTheVisitFromTheDatabase" classname="org.openmrs.api.VisitServiceTest" time="0.006"/>
  <testcase name="getVisits_shouldGetVisitsByIndications" classname="org.openmrs.api.VisitServiceTest" time="0.005"/>
  <testcase name="getVisitsByPatient_shouldReturnAllUnvoidedVisitsForTheSpecifiedPatient" classname="org.openmrs.api.VisitServiceTest" time="0.004"/>
  <testcase name="getAllVisitTypes_shouldGetAllVisitTypesBasedOnIncludeRetiredFlag" classname="org.openmrs.api.VisitServiceTest" time="0.005"/>
  <testcase name="saveVisit_shouldUpdateAnExistingVisitInTheDatabase" classname="org.openmrs.api.VisitServiceTest" time="0.008"/>
  <testcase name="getVisitType_shouldGetCorrectVisitType" classname="org.openmrs.api.VisitServiceTest" time="0.007"/>
  <testcase name="endVisit_shouldFailIfValidationErrorsAreFound" classname="org.openmrs.api.VisitServiceTest" time="0.009"/>
  <testcase name="retireVisitAttributeType_shouldRetireAVisitAttributeType" classname="org.openmrs.api.VisitServiceTest" time="0.01"/>
  <testcase name="unretireVisitType_shouldUnretireGivenVisitType" classname="org.openmrs.api.VisitServiceTest" time="0.007"/>
  <testcase name="getVisitTypes_shouldGetCorrentVisitTypes" classname="org.openmrs.api.VisitServiceTest" time="0.005"/>
  <testcase name="getActiveVisitsByPatient_shouldReturnAllUnvoidedVisitsForTheSpecifiedPatient" classname="org.openmrs.api.VisitServiceTest" time="0.016"/>
  <testcase name="getActiveVisitsByPatient_shouldReturnAllUnvoidedActiveVisitsForTheSpecifiedPatient" classname="org.openmrs.api.VisitServiceTest" time="0.018"/>
  <testcase name="getVisits_shouldReturnAllVisitsIfIncludeVoidedIsSetToTrue" classname="org.openmrs.api.VisitServiceTest" time="0.005"/>
  <testcase name="getVisits_shouldGetAllVisitsWithGivenAttributeValues" classname="org.openmrs.api.VisitServiceTest" time="0.011"/>
  <testcase name="stopVisits_shouldCloseAllUnvoidedActiveVisitMatchingTheSpecifiedVisitTypes" classname="org.openmrs.api.VisitServiceTest" time="0.02"/>
  <testcase name="getVisitAttributeByUuid_shouldGetTheVisitAttributeWithTheGivenUuid" classname="org.openmrs.api.VisitServiceTest" time="0.009"/>
  <testcase name="getAllVisitAttributeTypes_shouldReturnAllVisitAttributeTypesIncludingRetiredOnes" classname="org.openmrs.api.VisitServiceTest" time="0.008"/>
  <testcase name="saveVisit_shouldSaveAVisitThoughChangedByAndDateCreatedAreNotSetForVisitAttributeExplictly" classname="org.openmrs.api.VisitServiceTest" time="0.018"/>
  <testcase name="saveVisit_shouldBeAbleToAddAnAttributeToAVisit" classname="org.openmrs.api.VisitServiceTest" time="0.011"/>
  <testcase name="getVisits_shouldGetVisitsByLocations" classname="org.openmrs.api.VisitServiceTest" time="0.005"/>
  <testcase name="endVisit_shouldNotFailIfNoValidationErrorsAreFound" classname="org.openmrs.api.VisitServiceTest" time="0.008"/>
  <testcase name="saveVisit_shouldPassIfNoValidationErrorsAreFound" classname="org.openmrs.api.VisitServiceTest" time="0.008"/>
  <testcase name="voidVisit_shouldVoidEncountersWithVisit" classname="org.openmrs.api.VisitServiceTest" time="0.03"/>
  <testcase name="saveVisit_shouldAddANewVisitToTheDatabase" classname="org.openmrs.api.VisitServiceTest" time="0.006"/>
  <testcase name="shouldVoidASimpleAttribute" classname="org.openmrs.api.VisitServiceTest" time="0.011"/>
  <testcase name="getVisitAttributeType_shouldReturnNullIfNoVisitAttributeTypeExistsWithTheGivenId" classname="org.openmrs.api.VisitServiceTest" time="0.006"/>
  <testcase name="getVisitTypeByUuid_shouldGetCorrentVisitType" classname="org.openmrs.api.VisitServiceTest" time="0.004"/>
  <testcase name="purgeVisit_shouldFailIfTheVisitHasEncountersAssociatedToIt" classname="org.openmrs.api.VisitServiceTest" time="0.009"/>
  <testcase name="getVisitAttributeTypeByUuid_shouldReturnNullIfNoVisitAttributeTypeExistsWithTheGivenUuid" classname="org.openmrs.api.VisitServiceTest" time="0.008"/>
  <testcase name="saveVisit_shouldNotPersistNewEncounter" classname="org.openmrs.api.VisitServiceTest" time="0.008"/>
  <testcase name="unvoidVisit_shouldUnvoidTheVisitAndUnsetAllTheVoidRelatedFields" classname="org.openmrs.api.VisitServiceTest" time="0.005"/>
  <testcase name="purgeVisitAttributeType_shouldCompletelyRemoveAVisitAttributeType" classname="org.openmrs.api.VisitServiceTest" time="0.009"/>
  <testcase name="getAllVisits_shouldReturnAllUnvoidedVisits" classname="org.openmrs.api.VisitServiceTest" time="0.004"/>
  <testcase name="saveVisitType_shouldThrowErrorWhenNameIsNull" classname="org.openmrs.api.VisitServiceTest" time="0.006"/>
  <testcase name="voidVisit_shouldVoidTheVisitAndSetTheVoidReason" classname="org.openmrs.api.VisitServiceTest" time="0.005"/>
  <testcase name="getVisitAttributeType_shouldReturnTheVisitAttributeTypeWithTheGivenId" classname="org.openmrs.api.VisitServiceTest" time="0.007"/>
  <testcase name="saveVisit_shouldVoidAnAttributeIfMaxOccursIs1AndSameAttributeTypeAlreadyExists" classname="org.openmrs.api.VisitServiceTest" time="0.011"/>
  <testcase name="saveVisitType_shouldSaveEditedVisitType" classname="org.openmrs.api.VisitServiceTest" time="0.005"/>
  <testcase name="getVisits_shouldNotFindAnyVisitsIfNoneHaveGivenAttributeValues" classname="org.openmrs.api.VisitServiceTest" time="0.012"/>
  <testcase name="getVisitAttributeTypeByUuid_shouldReturnTheVisitAttributeTypeWithTheGivenUuid" classname="org.openmrs.api.VisitServiceTest" time="0.011"/>
  <testcase name="getVisitByUuid_shouldReturnAVisitMatchingTheSpecifiedUuid" classname="org.openmrs.api.VisitServiceTest" time="0.009"/>
  <testcase name="purgeVisitType_shouldDeleteGivenVisitType" classname="org.openmrs.api.VisitServiceTest" time="0.007"/>
  <testcase name="saveVisitType_shouldThrowErrorWhenNameIsEmptyString" classname="org.openmrs.api.VisitServiceTest" time="0.004"/>
</testsuite>