<?xml version="1.0" encoding="UTF-8"?>
<testsuite name="org.openmrs.util.DoubleRangeTest" time="0.001" tests="28" errors="0" skipped="0" failures="0">
  <properties>
    <property name="java.runtime.name" value="Java(TM) SE Runtime Environment"/>
    <property name="sun.boot.library.path" value="C:\Program Files\Java\jdk1.8.0_101\jre\bin"/>
    <property name="java.vm.version" value="25.101-b13"/>
    <property name="java.vm.vendor" value="Oracle Corporation"/>
    <property name="java.vendor.url" value="http://java.oracle.com/"/>
    <property name="path.separator" value=";"/>
    <property name="guice.disable.misplaced.annotation.check" value="true"/>
    <property name="java.vm.name" value="Java HotSpot(TM) 64-Bit Server VM"/>
    <property name="file.encoding.pkg" value="sun.io"/>
    <property name="user.script" value=""/>
    <property name="user.country" value="US"/>
    <property name="sun.java.launcher" value="SUN_STANDARD"/>
    <property name="sun.os.patch.level" value=""/>
    <property name="java.vm.specification.name" value="Java Virtual Machine Specification"/>
    <property name="user.dir" value="C:\Users\amesk\Documents\GitHub\openMRS\openmrs-core"/>
    <property name="java.runtime.version" value="1.8.0_101-b13"/>
    <property name="java.awt.graphicsenv" value="sun.awt.Win32GraphicsEnvironment"/>
    <property name="java.endorsed.dirs" value="C:\Program Files\Java\jdk1.8.0_101\jre\lib\endorsed"/>
    <property name="os.arch" value="amd64"/>
    <property name="java.io.tmpdir" value="C:\Users\amesk\AppData\Local\Temp\"/>
    <property name="line.separator" value="&#10;"/>
    <property name="java.vm.specification.vendor" value="Oracle Corporation"/>
    <property name="user.variant" value=""/>
    <property name="os.name" value="Windows 10"/>
    <property name="maven.ext.class.path" value="C:\Program Files\NetBeans 8.1\java\maven-nblib\netbeans-eventspy.jar"/>
    <property name="classworlds.conf" value="C:\Program Files\NetBeans 8.1\java\maven\bin\m2.conf"/>
    <property name="sun.jnu.encoding" value="Cp1252"/>
    <property name="java.library.path" value="C:\Program Files\Java\jdk1.8.0_101\bin;C:\WINDOWS\Sun\Java\bin;C:\WINDOWS\system32;C:\WINDOWS;C:\ProgramData\Oracle\Java\javapath;C:\WINDOWS\system32;C:\WINDOWS;C:\WINDOWS\System32\Wbem;C:\WINDOWS\System32\WindowsPowerShell\v1.0\;C:\Program Files (x86)\ATI Technologies\ATI.ACE\Core-Static;C:\Program Files\Microsoft\Web Platform Installer\;C:\Program Files (x86)\Microsoft ASP.NET\ASP.NET Web Pages\v1.0\;C:\Program Files (x86)\Windows Kits\8.0\Windows Performance Toolkit\;C:\Program Files\Microsoft SQL Server\110\Tools\Binn\;C:\Program Files (x86)\Windows Live\Shared;C:\Program Files (x86)\Skype\Phone\;C:\Users\amesk\AppData\Local\Microsoft\WindowsApps;;."/>
    <property name="java.specification.name" value="Java Platform API Specification"/>
    <property name="java.class.version" value="52.0"/>
    <property name="sun.management.compiler" value="HotSpot 64-Bit Tiered Compilers"/>
    <property name="os.version" value="10.0"/>
    <property name="user.home" value="C:\Users\amesk"/>
    <property name="user.timezone" value="America/New_York"/>
    <property name="java.awt.printerjob" value="sun.awt.windows.WPrinterJob"/>
    <property name="java.specification.version" value="1.8"/>
    <property name="file.encoding" value="UTF-8"/>
    <property name="user.name" value="amesk"/>
    <property name="java.class.path" value="C:\Program Files\NetBeans 8.1\java\maven\boot\plexus-classworlds-2.4.jar"/>
    <property name="java.vm.specification.version" value="1.8"/>
    <property name="sun.arch.data.model" value="64"/>
    <property name="java.home" value="C:\Program Files\Java\jdk1.8.0_101\jre"/>
    <property name="sun.java.command" value="org.codehaus.plexus.classworlds.launcher.Launcher -Dmaven.ext.class.path=C:\Program Files\NetBeans 8.1\java\maven-nblib\netbeans-eventspy.jar -Dfile.encoding=UTF-8 clean install"/>
    <property name="java.specification.vendor" value="Oracle Corporation"/>
    <property name="user.language" value="en"/>
    <property name="awt.toolkit" value="sun.awt.windows.WToolkit"/>
    <property name="java.vm.info" value="mixed mode"/>
    <property name="java.version" value="1.8.0_101"/>
    <property name="java.ext.dirs" value="C:\Program Files\Java\jdk1.8.0_101\jre\lib\ext;C:\WINDOWS\Sun\Java\lib\ext"/>
    <property name="sun.boot.class.path" value="C:\Program Files\Java\jdk1.8.0_101\jre\lib\resources.jar;C:\Program Files\Java\jdk1.8.0_101\jre\lib\rt.jar;C:\Program Files\Java\jdk1.8.0_101\jre\lib\sunrsasign.jar;C:\Program Files\Java\jdk1.8.0_101\jre\lib\jsse.jar;C:\Program Files\Java\jdk1.8.0_101\jre\lib\jce.jar;C:\Program Files\Java\jdk1.8.0_101\jre\lib\charsets.jar;C:\Program Files\Java\jdk1.8.0_101\jre\lib\jfr.jar;C:\Program Files\Java\jdk1.8.0_101\jre\classes"/>
    <property name="java.vendor" value="Oracle Corporation"/>
    <property name="maven.home" value="C:\Program Files\NetBeans 8.1\java\maven"/>
    <property name="file.separator" value="\"/>
    <property name="java.vendor.url.bug" value="http://bugreport.sun.com/bugreport/"/>
    <property name="sun.cpu.endian" value="little"/>
    <property name="sun.io.unicode.encoding" value="UnicodeLittle"/>
    <property name="sun.desktop" value="windows"/>
    <property name="sun.cpu.isalist" value="amd64"/>
  </properties>
  <testcase name="setLow_shouldCauseLowToHaveTheSetValue" classname="org.openmrs.util.DoubleRangeTest" time="0"/>
  <testcase name="toString_shouldPrintEmptyLowIfLowIsInfinite" classname="org.openmrs.util.DoubleRangeTest" time="0"/>
  <testcase name="compareTo_shouldReturnPlus1IfThisLowIsGreaterThanOtherLow" classname="org.openmrs.util.DoubleRangeTest" time="0"/>
  <testcase name="contains_shouldReturnFalseIfParameterIsEqualToHigh" classname="org.openmrs.util.DoubleRangeTest" time="0"/>
  <testcase name="compareTo_shouldReturn1IfThisRangeIsWiderThanOtherRange" classname="org.openmrs.util.DoubleRangeTest" time="0"/>
  <testcase name="DoubleRange_shouldReturnInfiniteLowAndHighIfCalledWithNullParameters" classname="org.openmrs.util.DoubleRangeTest" time="0"/>
  <testcase name="compareTo_shouldReturnMinusOneIfBothLowsAreEqualButOtherHighIsLessThanThisHigh" classname="org.openmrs.util.DoubleRangeTest" time="0"/>
  <testcase name="compareTo_shouldReturnPlusOneIfBothLowsAreEqualButOtherHighIsGreaterThanThisHigh" classname="org.openmrs.util.DoubleRangeTest" time="0"/>
  <testcase name="equals_shouldReturnTrueForTheSameObjectTypeAndFalseForDifferentTypeObjects" classname="org.openmrs.util.DoubleRangeTest" time="0.001"/>
  <testcase name="setLow_shouldSetLowToNegativeInfinityOnNullParameter" classname="org.openmrs.util.DoubleRangeTest" time="0"/>
  <testcase name="setHigh_shouldCauseHighToHaveTheSetValue" classname="org.openmrs.util.DoubleRangeTest" time="0"/>
  <testcase name="getHigh_shouldReturnCorrectValueOfHighIfHighWasSetPreviously" classname="org.openmrs.util.DoubleRangeTest" time="0"/>
  <testcase name="contains_shouldReturnFalseIfParameterIsLowerThanLow" classname="org.openmrs.util.DoubleRangeTest" time="0"/>
  <testcase name="getHigh_shouldReturnPositiveInfinityIfHighWasNotSetPreviously" classname="org.openmrs.util.DoubleRangeTest" time="0"/>
  <testcase name="contains_shouldReturnTrueIfParameterIsEqualToLow" classname="org.openmrs.util.DoubleRangeTest" time="0"/>
  <testcase name="compareTo_shouldReturnMinusOneIfThisLowIsLowerThanOtherLow" classname="org.openmrs.util.DoubleRangeTest" time="0"/>
  <testcase name="compareTo_shouldReturnZeroIfBothLowsAndBothHighsAreEqual" classname="org.openmrs.util.DoubleRangeTest" time="0"/>
  <testcase name="getLow_shouldReturnNegativeInfinityIfLowWasNotSetPreviously" classname="org.openmrs.util.DoubleRangeTest" time="0"/>
  <testcase name="toString_shouldPrintEmptyStringIfLowAndHighAreNull" classname="org.openmrs.util.DoubleRangeTest" time="0"/>
  <testcase name="DoubleRange_shouldReturnNullLowAndHighIfAccessorsAreNotCalled" classname="org.openmrs.util.DoubleRangeTest" time="0"/>
  <testcase name="toString_shouldPrintEmptyStringIfLowAndHighAreInfinite" classname="org.openmrs.util.DoubleRangeTest" time="0"/>
  <testcase name="setHigh_shouldSetHighToPositiveInfinityOnNullParameter" classname="org.openmrs.util.DoubleRangeTest" time="0"/>
  <testcase name="toString_shouldPrintEmptyLowIfLowIsNull" classname="org.openmrs.util.DoubleRangeTest" time="0"/>
  <testcase name="contains_shouldReturnTrueIfParameterIsInRange" classname="org.openmrs.util.DoubleRangeTest" time="0"/>
  <testcase name="getLow_shouldReturnCorrectValueOfLowIfLowWasSetPreviously" classname="org.openmrs.util.DoubleRangeTest" time="0"/>
  <testcase name="hashCode_shouldReturnTheSameHashCodeForObjectsRepresentingTheSameInterval" classname="org.openmrs.util.DoubleRangeTest" time="0"/>
  <testcase name="contains_shouldReturnFalseIfParameterIsNotInRange" classname="org.openmrs.util.DoubleRangeTest" time="0"/>
  <testcase name="toString_shouldPrintTheRangeIfHighAndLowAreNotNullAndNotInfinite" classname="org.openmrs.util.DoubleRangeTest" time="0"/>
</testsuite>