<?xml version="1.0" encoding="UTF-8"?>
<testsuite name="org.openmrs.util.OpenmrsUtilTest" time="1.464" tests="44" errors="0" skipped="0" failures="0">
  <properties>
    <property name="java.runtime.name" value="Java(TM) SE Runtime Environment"/>
    <property name="sun.boot.library.path" value="C:\Program Files\Java\jdk1.8.0_101\jre\bin"/>
    <property name="java.vm.version" value="25.101-b13"/>
    <property name="java.vm.vendor" value="Oracle Corporation"/>
    <property name="java.vendor.url" value="http://java.oracle.com/"/>
    <property name="path.separator" value=";"/>
    <property name="guice.disable.misplaced.annotation.check" value="true"/>
    <property name="java.vm.name" value="Java HotSpot(TM) 64-Bit Server VM"/>
    <property name="file.encoding.pkg" value="sun.io"/>
    <property name="user.script" value=""/>
    <property name="user.country" value="US"/>
    <property name="sun.java.launcher" value="SUN_STANDARD"/>
    <property name="sun.os.patch.level" value=""/>
    <property name="java.vm.specification.name" value="Java Virtual Machine Specification"/>
    <property name="user.dir" value="C:\Users\amesk\Documents\GitHub\openMRS\openmrs-core"/>
    <property name="java.runtime.version" value="1.8.0_101-b13"/>
    <property name="java.awt.graphicsenv" value="sun.awt.Win32GraphicsEnvironment"/>
    <property name="java.endorsed.dirs" value="C:\Program Files\Java\jdk1.8.0_101\jre\lib\endorsed"/>
    <property name="os.arch" value="amd64"/>
    <property name="java.io.tmpdir" value="C:\Users\amesk\AppData\Local\Temp\"/>
    <property name="line.separator" value="&#10;"/>
    <property name="java.vm.specification.vendor" value="Oracle Corporation"/>
    <property name="user.variant" value=""/>
    <property name="os.name" value="Windows 10"/>
    <property name="maven.ext.class.path" value="C:\Program Files\NetBeans 8.1\java\maven-nblib\netbeans-eventspy.jar"/>
    <property name="classworlds.conf" value="C:\Program Files\NetBeans 8.1\java\maven\bin\m2.conf"/>
    <property name="sun.jnu.encoding" value="Cp1252"/>
    <property name="java.library.path" value="C:\Program Files\Java\jdk1.8.0_101\bin;C:\WINDOWS\Sun\Java\bin;C:\WINDOWS\system32;C:\WINDOWS;C:\ProgramData\Oracle\Java\javapath;C:\WINDOWS\system32;C:\WINDOWS;C:\WINDOWS\System32\Wbem;C:\WINDOWS\System32\WindowsPowerShell\v1.0\;C:\Program Files (x86)\ATI Technologies\ATI.ACE\Core-Static;C:\Program Files\Microsoft\Web Platform Installer\;C:\Program Files (x86)\Microsoft ASP.NET\ASP.NET Web Pages\v1.0\;C:\Program Files (x86)\Windows Kits\8.0\Windows Performance Toolkit\;C:\Program Files\Microsoft SQL Server\110\Tools\Binn\;C:\Program Files (x86)\Windows Live\Shared;C:\Program Files (x86)\Skype\Phone\;C:\Users\amesk\AppData\Local\Microsoft\WindowsApps;;."/>
    <property name="java.specification.name" value="Java Platform API Specification"/>
    <property name="java.class.version" value="52.0"/>
    <property name="sun.management.compiler" value="HotSpot 64-Bit Tiered Compilers"/>
    <property name="os.version" value="10.0"/>
    <property name="user.home" value="C:\Users\amesk"/>
    <property name="user.timezone" value="America/New_York"/>
    <property name="java.awt.printerjob" value="sun.awt.windows.WPrinterJob"/>
    <property name="java.specification.version" value="1.8"/>
    <property name="file.encoding" value="UTF-8"/>
    <property name="user.name" value="amesk"/>
    <property name="java.class.path" value="C:\Program Files\NetBeans 8.1\java\maven\boot\plexus-classworlds-2.4.jar"/>
    <property name="java.vm.specification.version" value="1.8"/>
    <property name="sun.arch.data.model" value="64"/>
    <property name="java.home" value="C:\Program Files\Java\jdk1.8.0_101\jre"/>
    <property name="sun.java.command" value="org.codehaus.plexus.classworlds.launcher.Launcher -Dmaven.ext.class.path=C:\Program Files\NetBeans 8.1\java\maven-nblib\netbeans-eventspy.jar -Dfile.encoding=UTF-8 clean install"/>
    <property name="java.specification.vendor" value="Oracle Corporation"/>
    <property name="user.language" value="en"/>
    <property name="awt.toolkit" value="sun.awt.windows.WToolkit"/>
    <property name="java.vm.info" value="mixed mode"/>
    <property name="java.version" value="1.8.0_101"/>
    <property name="java.ext.dirs" value="C:\Program Files\Java\jdk1.8.0_101\jre\lib\ext;C:\WINDOWS\Sun\Java\lib\ext"/>
    <property name="sun.boot.class.path" value="C:\Program Files\Java\jdk1.8.0_101\jre\lib\resources.jar;C:\Program Files\Java\jdk1.8.0_101\jre\lib\rt.jar;C:\Program Files\Java\jdk1.8.0_101\jre\lib\sunrsasign.jar;C:\Program Files\Java\jdk1.8.0_101\jre\lib\jsse.jar;C:\Program Files\Java\jdk1.8.0_101\jre\lib\jce.jar;C:\Program Files\Java\jdk1.8.0_101\jre\lib\charsets.jar;C:\Program Files\Java\jdk1.8.0_101\jre\lib\jfr.jar;C:\Program Files\Java\jdk1.8.0_101\jre\classes"/>
    <property name="java.vendor" value="Oracle Corporation"/>
    <property name="maven.home" value="C:\Program Files\NetBeans 8.1\java\maven"/>
    <property name="file.separator" value="\"/>
    <property name="java.vendor.url.bug" value="http://bugreport.sun.com/bugreport/"/>
    <property name="sun.cpu.endian" value="little"/>
    <property name="sun.io.unicode.encoding" value="UnicodeLittle"/>
    <property name="sun.desktop" value="windows"/>
    <property name="sun.cpu.isalist" value="amd64"/>
  </properties>
  <testcase name="nullSafeEqualsIgnoreCase_shouldReturnFalseIfOnlyOneOfTheStringsIsNull" classname="org.openmrs.util.OpenmrsUtilTest" time="0.449"/>
  <testcase name="containsUpperAndLowerCase_shouldReturnTrueIfStringContainsUpperAndLowerCase" classname="org.openmrs.util.OpenmrsUtilTest" time="0.021"/>
  <testcase name="getDateFormat_shouldReturnAPatternWithFourYCharactersInIt" classname="org.openmrs.util.OpenmrsUtilTest" time="0.026"/>
  <testcase name="validatePassword_shouldFailWithShortPasswordByDefault" classname="org.openmrs.util.OpenmrsUtilTest" time="0.024"/>
  <testcase name="containsOnlyDigits_shouldReturnFalseIfStringContainsAnyNonDigits" classname="org.openmrs.util.OpenmrsUtilTest" time="0.021"/>
  <testcase name="validatePassword_shouldFailWithCharOnlyPasswordByDefault" classname="org.openmrs.util.OpenmrsUtilTest" time="0.027"/>
  <testcase name="openmrsDateFormat_shouldAllowSingleDigitDatesAndMonths" classname="org.openmrs.util.OpenmrsUtilTest" time="0.032"/>
  <testcase name="validatePassword_shouldAllowPasswordToContainNonAlphanumericCharacters" classname="org.openmrs.util.OpenmrsUtilTest" time="0.026"/>
  <testcase name="containsDigit_shouldReturnFalseIfStringContainsNoDigits" classname="org.openmrs.util.OpenmrsUtilTest" time="0.018"/>
  <testcase name="url2file_shouldReturnNullGivenNullParameter" classname="org.openmrs.util.OpenmrsUtilTest" time="0.021"/>
  <testcase name="validatePassword_shouldFailWithDigitOnlyPasswordByDefault" classname="org.openmrs.util.OpenmrsUtilTest" time="0.019"/>
  <testcase name="validatePassword_shouldPassWithDigitOnlyPasswordIfAllowed" classname="org.openmrs.util.OpenmrsUtilTest" time="0.02"/>
  <testcase name="nullSafeEqualsIgnoreCase_shouldBeCaseInsensitive" classname="org.openmrs.util.OpenmrsUtilTest" time="0.019"/>
  <testcase name="validatePassword_shouldAllowPasswordToContainWhiteSpaces" classname="org.openmrs.util.OpenmrsUtilTest" time="0.02"/>
  <testcase name="openmrsDateFormat_shouldParseValidDate" classname="org.openmrs.util.OpenmrsUtilTest" time="0.018"/>
  <testcase name="openmrsDateFormat_shouldNotAllowDatesWithInvalidDaysOrMonths" classname="org.openmrs.util.OpenmrsUtilTest" time="0.018"/>
  <testcase name="containsUpperAndLowerCase_shouldReturnFalseIfStringDoesNotContainUpperCaseCharacters" classname="org.openmrs.util.OpenmrsUtilTest" time="0.02"/>
  <testcase name="validatePassword_shouldPassWithPasswordEqualsToUserNameIfAllowed" classname="org.openmrs.util.OpenmrsUtilTest" time="0.058"/>
  <testcase name="containsDigit_shouldReturnTrueIfStringContainsAnyDigits" classname="org.openmrs.util.OpenmrsUtilTest" time="0.027"/>
  <testcase name="validatePassword_shouldFailWithCharOnlyPasswordIfNotAllowed" classname="org.openmrs.util.OpenmrsUtilTest" time="0.019"/>
  <testcase name="validatePassword_shouldFailWithoutUpperAndLowerCasePasswordIfNotAllowed" classname="org.openmrs.util.OpenmrsUtilTest" time="0.02"/>
  <testcase name="shortenedStackTrace_shouldReturnNullIfStackTraceIsNull" classname="org.openmrs.util.OpenmrsUtilTest" time="0.019"/>
  <testcase name="validatePassword_shouldFailWithShortPasswordIfNotAllowed" classname="org.openmrs.util.OpenmrsUtilTest" time="0.02"/>
  <testcase name="validatePassword_shouldStillWorkWithoutAnOpenSession" classname="org.openmrs.util.OpenmrsUtilTest" time="0.018"/>
  <testcase name="validatePassword_shouldFailWithPasswordEqualsToUserNameIfNotAllowed" classname="org.openmrs.util.OpenmrsUtilTest" time="0.023"/>
  <testcase name="validatePassword_shouldPassWithPasswordMatchingConfiguredRegex" classname="org.openmrs.util.OpenmrsUtilTest" time="0.027"/>
  <testcase name="validatePassword_shouldPassWithoutUpperAndLowerCasePasswordIfAllowed" classname="org.openmrs.util.OpenmrsUtilTest" time="0.034"/>
  <testcase name="containsUpperAndLowerCase_shouldReturnFalseIfStringDoesNotContainLowerCaseCharacters" classname="org.openmrs.util.OpenmrsUtilTest" time="0.031"/>
  <testcase name="validatePassword_shouldFailWithoutUpperAndLowerCasePasswordByDefault" classname="org.openmrs.util.OpenmrsUtilTest" time="0.019"/>
  <testcase name="collectionContains_shouldUseEqualsMethodForComparisonInsteadOfCompareToGivenSortedSetCollection" classname="org.openmrs.util.OpenmrsUtilTest" time="0.018"/>
  <testcase name="validatePassword_shouldFailWithPasswordEqualsToUserNameByDefault" classname="org.openmrs.util.OpenmrsUtilTest" time="0.018"/>
  <testcase name="validatePassword_shouldFailWithDigitOnlyPasswordIfNotAllowed" classname="org.openmrs.util.OpenmrsUtilTest" time="0.023"/>
  <testcase name="validatePassword_shouldPassWithPasswordEqualsToSystemIdIfAllowed" classname="org.openmrs.util.OpenmrsUtilTest" time="0.023"/>
  <testcase name="getDateFormat_shouldNotAllowTheReturnedSimpleDateFormatToBeModified" classname="org.openmrs.util.OpenmrsUtilTest" time="0.02"/>
  <testcase name="validatePassword_shouldFailWithPasswordEqualsToSystemIdIfNotAllowed" classname="org.openmrs.util.OpenmrsUtilTest" time="0.018"/>
  <testcase name="validatePassword_shouldPassWithCharOnlyPasswordIfAllowed" classname="org.openmrs.util.OpenmrsUtilTest" time="0.02"/>
  <testcase name="shortenedStackTrace_shouldRemoveSpringframeworkAndReflectionRelatedLines" classname="org.openmrs.util.OpenmrsUtilTest" time="0.034"/>
  <testcase name="validatePassword_shouldFailWithPasswordNotMatchingConfiguredRegex" classname="org.openmrs.util.OpenmrsUtilTest" time="0.03"/>
  <testcase name="containsOnlyDigits_shouldReturnTrueIfStringContainsOnlyDigits" classname="org.openmrs.util.OpenmrsUtilTest" time="0.025"/>
  <testcase name="validatePassword_shouldFailWithPasswordEqualsToSystemIdByDefault" classname="org.openmrs.util.OpenmrsUtilTest" time="0.03"/>
  <testcase name="validatePassword_shouldPassWithShortPasswordIfAllowed" classname="org.openmrs.util.OpenmrsUtilTest" time="0.03"/>
  <testcase name="openmrsDateFormat_shouldNotAllowTwoDigitYears" classname="org.openmrs.util.OpenmrsUtilTest" time="0.021"/>
  <testcase name="collectionContains_shouldUseEqualsMethodForComparisonInsteadOfCompareToGivenListCollection" classname="org.openmrs.util.OpenmrsUtilTest" time="0.022"/>
  <testcase name="storeProperties_shouldEscapeSlashes" classname="org.openmrs.util.OpenmrsUtilTest" time="0.018"/>
</testsuite>